{"D:\\Alvine\\SCIM\\src\\App.jsx": {"path":"D:\\Alvine\\SCIM\\src\\App.jsx","statementMap":{"0":{"start":{"line":16,"column":2},"end":{"line":35,"column":4}}},"fnMap":{"0":{"name":"App","decl":{"start":{"line":15,"column":9},"end":{"line":15,"column":12}},"loc":{"start":{"line":15,"column":15},"end":{"line":36,"column":1}},"line":15}},"branchMap":{},"s":{"0":0},"f":{"0":0},"b":{}}
,"D:\\Alvine\\SCIM\\src\\main.jsx": {"path":"D:\\Alvine\\SCIM\\src\\main.jsx","statementMap":{"0":{"start":{"line":6,"column":0},"end":{"line":10,"column":1}}},"fnMap":{},"branchMap":{},"s":{"0":0},"f":{},"b":{}}
,"D:\\Alvine\\SCIM\\src\\components\\auth\\ProtectedRoute.jsx": {"path":"D:\\Alvine\\SCIM\\src\\components\\auth\\ProtectedRoute.jsx","statementMap":{"0":{"start":{"line":6,"column":23},"end":{"line":27,"column":1}},"1":{"start":{"line":7,"column":45},"end":{"line":7,"column":54}},"2":{"start":{"line":8,"column":19},"end":{"line":8,"column":32}},"3":{"start":{"line":10,"column":2},"end":{"line":16,"column":3}},"4":{"start":{"line":11,"column":4},"end":{"line":15,"column":6}},"5":{"start":{"line":18,"column":2},"end":{"line":20,"column":3}},"6":{"start":{"line":19,"column":4},"end":{"line":19,"column":71}},"7":{"start":{"line":22,"column":2},"end":{"line":24,"column":3}},"8":{"start":{"line":23,"column":4},"end":{"line":23,"column":48}},"9":{"start":{"line":26,"column":2},"end":{"line":26,"column":18}}},"fnMap":{"0":{"name":"(anonymous_0)","decl":{"start":{"line":6,"column":23},"end":{"line":6,"column":24}},"loc":{"start":{"line":6,"column":60},"end":{"line":27,"column":1}},"line":6}},"branchMap":{"0":{"loc":{"start":{"line":6,"column":36},"end":{"line":6,"column":53}},"type":"default-arg","locations":[{"start":{"line":6,"column":48},"end":{"line":6,"column":53}}],"line":6},"1":{"loc":{"start":{"line":10,"column":2},"end":{"line":16,"column":3}},"type":"if","locations":[{"start":{"line":10,"column":2},"end":{"line":16,"column":3}},{"start":{},"end":{}}],"line":10},"2":{"loc":{"start":{"line":18,"column":2},"end":{"line":20,"column":3}},"type":"if","locations":[{"start":{"line":18,"column":2},"end":{"line":20,"column":3}},{"start":{},"end":{}}],"line":18},"3":{"loc":{"start":{"line":22,"column":2},"end":{"line":24,"column":3}},"type":"if","locations":[{"start":{"line":22,"column":2},"end":{"line":24,"column":3}},{"start":{},"end":{}}],"line":22},"4":{"loc":{"start":{"line":22,"column":6},"end":{"line":22,"column":41}},"type":"binary-expr","locations":[{"start":{"line":22,"column":6},"end":{"line":22,"column":15}},{"start":{"line":22,"column":19},"end":{"line":22,"column":41}}],"line":22}},"s":{"0":0,"1":0,"2":0,"3":0,"4":0,"5":0,"6":0,"7":0,"8":0,"9":0},"f":{"0":0},"b":{"0":[0],"1":[0,0],"2":[0,0],"3":[0,0],"4":[0,0]}}
,"D:\\Alvine\\SCIM\\src\\components\\common\\Alert.jsx": {"path":"D:\\Alvine\\SCIM\\src\\components\\common\\Alert.jsx","statementMap":{"0":{"start":{"line":4,"column":14},"end":{"line":12,"column":1}},"1":{"start":{"line":5,"column":18},"end":{"line":5,"column":62}},"2":{"start":{"line":6,"column":2},"end":{"line":11,"column":4}}},"fnMap":{"0":{"name":"(anonymous_0)","decl":{"start":{"line":4,"column":14},"end":{"line":4,"column":15}},"loc":{"start":{"line":4,"column":57},"end":{"line":12,"column":1}},"line":4}},"branchMap":{"0":{"loc":{"start":{"line":4,"column":17},"end":{"line":4,"column":33}},"type":"default-arg","locations":[{"start":{"line":4,"column":24},"end":{"line":4,"column":33}}],"line":4},"1":{"loc":{"start":{"line":5,"column":18},"end":{"line":5,"column":62}},"type":"cond-expr","locations":[{"start":{"line":5,"column":37},"end":{"line":5,"column":50}},{"start":{"line":5,"column":53},"end":{"line":5,"column":62}}],"line":5},"2":{"loc":{"start":{"line":8,"column":7},"end":{"line":8,"column":54}},"type":"cond-expr","locations":[{"start":{"line":8,"column":15},"end":{"line":8,"column":47}},{"start":{"line":8,"column":50},"end":{"line":8,"column":54}}],"line":8}},"s":{"0":0,"1":0,"2":0},"f":{"0":0},"b":{"0":[0],"1":[0,0],"2":[0,0]}}
,"D:\\Alvine\\SCIM\\src\\components\\common\\ErrorBoundary.jsx": {"path":"D:\\Alvine\\SCIM\\src\\components\\common\\ErrorBoundary.jsx","statementMap":{"0":{"start":{"line":6,"column":4},"end":{"line":6,"column":17}},"1":{"start":{"line":7,"column":4},"end":{"line":12,"column":6}},"2":{"start":{"line":16,"column":4},"end":{"line":16,"column":30}},"3":{"start":{"line":20,"column":4},"end":{"line":23,"column":7}},"4":{"start":{"line":26,"column":4},"end":{"line":26,"column":70}},"5":{"start":{"line":29,"column":4},"end":{"line":31,"column":5}},"6":{"start":{"line":34,"column":16},"end":{"line":41,"column":3}},"7":{"start":{"line":35,"column":4},"end":{"line":40,"column":8}},"8":{"start":{"line":35,"column":32},"end":{"line":40,"column":5}},"9":{"start":{"line":43,"column":17},"end":{"line":45,"column":3}},"10":{"start":{"line":44,"column":4},"end":{"line":44,"column":35}},"11":{"start":{"line":48,"column":4},"end":{"line":108,"column":5}},"12":{"start":{"line":49,"column":6},"end":{"line":107,"column":8}},"13":{"start":{"line":110,"column":4},"end":{"line":110,"column":31}}},"fnMap":{"0":{"name":"(anonymous_0)","decl":{"start":{"line":5,"column":2},"end":{"line":5,"column":3}},"loc":{"start":{"line":5,"column":21},"end":{"line":13,"column":3}},"line":5},"1":{"name":"(anonymous_1)","decl":{"start":{"line":15,"column":2},"end":{"line":15,"column":3}},"loc":{"start":{"line":15,"column":41},"end":{"line":17,"column":3}},"line":15},"2":{"name":"(anonymous_2)","decl":{"start":{"line":19,"column":2},"end":{"line":19,"column":3}},"loc":{"start":{"line":19,"column":38},"end":{"line":32,"column":3}},"line":19},"3":{"name":"(anonymous_3)","decl":{"start":{"line":34,"column":16},"end":{"line":34,"column":17}},"loc":{"start":{"line":34,"column":22},"end":{"line":41,"column":3}},"line":34},"4":{"name":"(anonymous_4)","decl":{"start":{"line":35,"column":18},"end":{"line":35,"column":19}},"loc":{"start":{"line":35,"column":32},"end":{"line":40,"column":5}},"line":35},"5":{"name":"(anonymous_5)","decl":{"start":{"line":43,"column":17},"end":{"line":43,"column":18}},"loc":{"start":{"line":43,"column":23},"end":{"line":45,"column":3}},"line":43},"6":{"name":"(anonymous_6)","decl":{"start":{"line":47,"column":2},"end":{"line":47,"column":3}},"loc":{"start":{"line":47,"column":11},"end":{"line":111,"column":3}},"line":47}},"branchMap":{"0":{"loc":{"start":{"line":29,"column":4},"end":{"line":31,"column":5}},"type":"if","locations":[{"start":{"line":29,"column":4},"end":{"line":31,"column":5}},{"start":{},"end":{}}],"line":29},"1":{"loc":{"start":{"line":48,"column":4},"end":{"line":108,"column":5}},"type":"if","locations":[{"start":{"line":48,"column":4},"end":{"line":108,"column":5}},{"start":{},"end":{}}],"line":48},"2":{"loc":{"start":{"line":63,"column":13},"end":{"line":73,"column":13}},"type":"binary-expr","locations":[{"start":{"line":63,"column":13},"end":{"line":63,"column":51}},{"start":{"line":63,"column":55},"end":{"line":63,"column":71}},{"start":{"line":64,"column":14},"end":{"line":72,"column":20}}],"line":63},"3":{"loc":{"start":{"line":82,"column":17},"end":{"line":82,"column":80}},"type":"cond-expr","locations":[{"start":{"line":82,"column":46},"end":{"line":82,"column":66}},{"start":{"line":82,"column":69},"end":{"line":82,"column":80}}],"line":82}},"s":{"0":8,"1":7,"2":6,"3":3,"4":3,"5":3,"6":7,"7":0,"8":0,"9":7,"10":0,"11":16,"12":9,"13":7},"f":{"0":8,"1":6,"2":3,"3":0,"4":0,"5":0,"6":16},"b":{"0":[1,2],"1":[9,7],"2":[9,3,1],"3":[0,9]},"_coverageSchema":"1a1c01bbd47fc00a2c39e90264f33305004495a9","hash":"8b4cfda24296f09c6b8d548b7d606b3b253ed0bd"}
,"D:\\Alvine\\SCIM\\src\\components\\common\\LazyImage.jsx": {"path":"D:\\Alvine\\SCIM\\src\\components\\common\\LazyImage.jsx","statementMap":{"0":{"start":{"line":4,"column":18},"end":{"line":93,"column":1}},"1":{"start":{"line":14,"column":34},"end":{"line":14,"column":49}},"2":{"start":{"line":15,"column":32},"end":{"line":15,"column":47}},"3":{"start":{"line":16,"column":34},"end":{"line":16,"column":49}},"4":{"start":{"line":17,"column":17},"end":{"line":17,"column":25}},"5":{"start":{"line":20,"column":2},"end":{"line":39,"column":9}},"6":{"start":{"line":21,"column":21},"end":{"line":32,"column":5}},"7":{"start":{"line":23,"column":8},"end":{"line":26,"column":9}},"8":{"start":{"line":24,"column":10},"end":{"line":24,"column":28}},"9":{"start":{"line":25,"column":10},"end":{"line":25,"column":32}},"10":{"start":{"line":34,"column":4},"end":{"line":36,"column":5}},"11":{"start":{"line":35,"column":6},"end":{"line":35,"column":39}},"12":{"start":{"line":38,"column":4},"end":{"line":38,"column":39}},"13":{"start":{"line":38,"column":17},"end":{"line":38,"column":38}},"14":{"start":{"line":41,"column":21},"end":{"line":44,"column":3}},"15":{"start":{"line":42,"column":4},"end":{"line":42,"column":22}},"16":{"start":{"line":43,"column":4},"end":{"line":43,"column":13}},"17":{"start":{"line":46,"column":22},"end":{"line":49,"column":3}},"18":{"start":{"line":47,"column":4},"end":{"line":47,"column":21}},"19":{"start":{"line":48,"column":4},"end":{"line":48,"column":14}},"20":{"start":{"line":53,"column":4},"end":{"line":55,"column":10}},"21":{"start":{"line":60,"column":4},"end":{"line":65,"column":10}},"22":{"start":{"line":68,"column":2},"end":{"line":92,"column":4}},"23":{"start":{"line":96,"column":29},"end":{"line":123,"column":1}},"24":{"start":{"line":104,"column":2},"end":{"line":122,"column":4}},"25":{"start":{"line":126,"column":26},"end":{"line":161,"column":1}},"26":{"start":{"line":134,"column":16},"end":{"line":139,"column":3}},"27":{"start":{"line":142,"column":4},"end":{"line":149,"column":10}},"28":{"start":{"line":152,"column":2},"end":{"line":160,"column":4}}},"fnMap":{"0":{"name":"(anonymous_0)","decl":{"start":{"line":4,"column":18},"end":{"line":4,"column":19}},"loc":{"start":{"line":13,"column":6},"end":{"line":93,"column":1}},"line":13},"1":{"name":"(anonymous_1)","decl":{"start":{"line":10,"column":11},"end":{"line":10,"column":12}},"loc":{"start":{"line":10,"column":17},"end":{"line":10,"column":19}},"line":10},"2":{"name":"(anonymous_2)","decl":{"start":{"line":11,"column":12},"end":{"line":11,"column":13}},"loc":{"start":{"line":11,"column":18},"end":{"line":11,"column":20}},"line":11},"3":{"name":"(anonymous_3)","decl":{"start":{"line":20,"column":12},"end":{"line":20,"column":13}},"loc":{"start":{"line":20,"column":18},"end":{"line":39,"column":3}},"line":20},"4":{"name":"(anonymous_4)","decl":{"start":{"line":22,"column":6},"end":{"line":22,"column":7}},"loc":{"start":{"line":22,"column":19},"end":{"line":27,"column":7}},"line":22},"5":{"name":"(anonymous_5)","decl":{"start":{"line":38,"column":11},"end":{"line":38,"column":12}},"loc":{"start":{"line":38,"column":17},"end":{"line":38,"column":38}},"line":38},"6":{"name":"(anonymous_6)","decl":{"start":{"line":41,"column":21},"end":{"line":41,"column":22}},"loc":{"start":{"line":41,"column":27},"end":{"line":44,"column":3}},"line":41},"7":{"name":"(anonymous_7)","decl":{"start":{"line":46,"column":22},"end":{"line":46,"column":23}},"loc":{"start":{"line":46,"column":28},"end":{"line":49,"column":3}},"line":46},"8":{"name":"(anonymous_8)","decl":{"start":{"line":96,"column":29},"end":{"line":96,"column":30}},"loc":{"start":{"line":103,"column":6},"end":{"line":123,"column":1}},"line":103},"9":{"name":"(anonymous_9)","decl":{"start":{"line":126,"column":26},"end":{"line":126,"column":27}},"loc":{"start":{"line":133,"column":6},"end":{"line":161,"column":1}},"line":133}},"branchMap":{"0":{"loc":{"start":{"line":7,"column":2},"end":{"line":7,"column":16}},"type":"default-arg","locations":[{"start":{"line":7,"column":14},"end":{"line":7,"column":16}}],"line":7},"1":{"loc":{"start":{"line":8,"column":2},"end":{"line":8,"column":20}},"type":"default-arg","locations":[{"start":{"line":8,"column":16},"end":{"line":8,"column":20}}],"line":8},"2":{"loc":{"start":{"line":9,"column":2},"end":{"line":9,"column":17}},"type":"default-arg","locations":[{"start":{"line":9,"column":13},"end":{"line":9,"column":17}}],"line":9},"3":{"loc":{"start":{"line":10,"column":2},"end":{"line":10,"column":19}},"type":"default-arg","locations":[{"start":{"line":10,"column":11},"end":{"line":10,"column":19}}],"line":10},"4":{"loc":{"start":{"line":11,"column":2},"end":{"line":11,"column":20}},"type":"default-arg","locations":[{"start":{"line":11,"column":12},"end":{"line":11,"column":20}}],"line":11},"5":{"loc":{"start":{"line":23,"column":8},"end":{"line":26,"column":9}},"type":"if","locations":[{"start":{"line":23,"column":8},"end":{"line":26,"column":9}},{"start":{},"end":{}}],"line":23},"6":{"loc":{"start":{"line":34,"column":4},"end":{"line":36,"column":5}},"type":"if","locations":[{"start":{"line":34,"column":4},"end":{"line":36,"column":5}},{"start":{},"end":{}}],"line":34},"7":{"loc":{"start":{"line":71,"column":7},"end":{"line":71,"column":67}},"type":"binary-expr","locations":[{"start":{"line":71,"column":7},"end":{"line":71,"column":16}},{"start":{"line":71,"column":20},"end":{"line":71,"column":28}},{"start":{"line":71,"column":33},"end":{"line":71,"column":44}},{"start":{"line":71,"column":48},"end":{"line":71,"column":66}}],"line":71},"8":{"loc":{"start":{"line":74,"column":7},"end":{"line":87,"column":7}},"type":"binary-expr","locations":[{"start":{"line":74,"column":7},"end":{"line":74,"column":15}},{"start":{"line":74,"column":19},"end":{"line":74,"column":27}},{"start":{"line":75,"column":8},"end":{"line":86,"column":10}}],"line":74},"9":{"loc":{"start":{"line":80,"column":14},"end":{"line":80,"column":69}},"type":"cond-expr","locations":[{"start":{"line":80,"column":25},"end":{"line":80,"column":38}},{"start":{"line":80,"column":41},"end":{"line":80,"column":69}}],"line":80},"10":{"loc":{"start":{"line":90,"column":7},"end":{"line":90,"column":47}},"type":"binary-expr","locations":[{"start":{"line":90,"column":7},"end":{"line":90,"column":14}},{"start":{"line":90,"column":19},"end":{"line":90,"column":27}},{"start":{"line":90,"column":31},"end":{"line":90,"column":46}}],"line":90},"11":{"loc":{"start":{"line":99,"column":2},"end":{"line":99,"column":16}},"type":"default-arg","locations":[{"start":{"line":99,"column":14},"end":{"line":99,"column":16}}],"line":99},"12":{"loc":{"start":{"line":100,"column":2},"end":{"line":100,"column":21}},"type":"default-arg","locations":[{"start":{"line":100,"column":16},"end":{"line":100,"column":21}}],"line":100},"13":{"loc":{"start":{"line":101,"column":2},"end":{"line":101,"column":23}},"type":"default-arg","locations":[{"start":{"line":101,"column":19},"end":{"line":101,"column":23}}],"line":101},"14":{"loc":{"start":{"line":114,"column":7},"end":{"line":120,"column":7}},"type":"binary-expr","locations":[{"start":{"line":114,"column":7},"end":{"line":114,"column":18}},{"start":{"line":115,"column":8},"end":{"line":119,"column":14}}],"line":114},"15":{"loc":{"start":{"line":129,"column":2},"end":{"line":129,"column":13}},"type":"default-arg","locations":[{"start":{"line":129,"column":9},"end":{"line":129,"column":13}}],"line":129},"16":{"loc":{"start":{"line":130,"column":2},"end":{"line":130,"column":19}},"type":"default-arg","locations":[{"start":{"line":130,"column":17},"end":{"line":130,"column":19}}],"line":130},"17":{"loc":{"start":{"line":131,"column":2},"end":{"line":131,"column":16}},"type":"default-arg","locations":[{"start":{"line":131,"column":14},"end":{"line":131,"column":16}}],"line":131}},"s":{"0":0,"1":0,"2":0,"3":0,"4":0,"5":0,"6":0,"7":0,"8":0,"9":0,"10":0,"11":0,"12":0,"13":0,"14":0,"15":0,"16":0,"17":0,"18":0,"19":0,"20":0,"21":0,"22":0,"23":0,"24":0,"25":0,"26":0,"27":0,"28":0},"f":{"0":0,"1":0,"2":0,"3":0,"4":0,"5":0,"6":0,"7":0,"8":0,"9":0},"b":{"0":[0],"1":[0],"2":[0],"3":[0],"4":[0],"5":[0,0],"6":[0,0],"7":[0,0,0,0],"8":[0,0,0],"9":[0,0],"10":[0,0,0],"11":[0],"12":[0],"13":[0],"14":[0,0],"15":[0],"16":[0],"17":[0]}}
,"D:\\Alvine\\SCIM\\src\\components\\common\\LoadingSpinner.jsx": {"path":"D:\\Alvine\\SCIM\\src\\components\\common\\LoadingSpinner.jsx","statementMap":{"0":{"start":{"line":4,"column":23},"end":{"line":49,"column":1}},"1":{"start":{"line":10,"column":22},"end":{"line":15,"column":3}},"2":{"start":{"line":17,"column":26},"end":{"line":22,"column":3}},"3":{"start":{"line":24,"column":2},"end":{"line":35,"column":3}},"4":{"start":{"line":25,"column":4},"end":{"line":34,"column":6}},"5":{"start":{"line":37,"column":2},"end":{"line":48,"column":4}},"6":{"start":{"line":52,"column":29},"end":{"line":76,"column":1}},"7":{"start":{"line":60,"column":2},"end":{"line":75,"column":4}},"8":{"start":{"line":79,"column":27},"end":{"line":91,"column":1}},"9":{"start":{"line":80,"column":2},"end":{"line":90,"column":4}},"10":{"start":{"line":94,"column":27},"end":{"line":112,"column":1}},"11":{"start":{"line":95,"column":2},"end":{"line":111,"column":4}},"12":{"start":{"line":98,"column":8},"end":{"line":108,"column":14}}},"fnMap":{"0":{"name":"(anonymous_0)","decl":{"start":{"line":4,"column":23},"end":{"line":4,"column":24}},"loc":{"start":{"line":9,"column":6},"end":{"line":49,"column":1}},"line":9},"1":{"name":"(anonymous_1)","decl":{"start":{"line":52,"column":29},"end":{"line":52,"column":30}},"loc":{"start":{"line":59,"column":6},"end":{"line":76,"column":1}},"line":59},"2":{"name":"(anonymous_2)","decl":{"start":{"line":79,"column":27},"end":{"line":79,"column":28}},"loc":{"start":{"line":79,"column":51},"end":{"line":91,"column":1}},"line":79},"3":{"name":"(anonymous_3)","decl":{"start":{"line":94,"column":27},"end":{"line":94,"column":28}},"loc":{"start":{"line":94,"column":62},"end":{"line":112,"column":1}},"line":94},"4":{"name":"(anonymous_4)","decl":{"start":{"line":97,"column":41},"end":{"line":97,"column":42}},"loc":{"start":{"line":98,"column":8},"end":{"line":108,"column":14}},"line":98}},"branchMap":{"0":{"loc":{"start":{"line":5,"column":2},"end":{"line":5,"column":13}},"type":"default-arg","locations":[{"start":{"line":5,"column":9},"end":{"line":5,"column":13}}],"line":5},"1":{"loc":{"start":{"line":6,"column":2},"end":{"line":6,"column":24}},"type":"default-arg","locations":[{"start":{"line":6,"column":9},"end":{"line":6,"column":24}}],"line":6},"2":{"loc":{"start":{"line":7,"column":2},"end":{"line":7,"column":20}},"type":"default-arg","locations":[{"start":{"line":7,"column":15},"end":{"line":7,"column":20}}],"line":7},"3":{"loc":{"start":{"line":8,"column":2},"end":{"line":8,"column":16}},"type":"default-arg","locations":[{"start":{"line":8,"column":14},"end":{"line":8,"column":16}}],"line":8},"4":{"loc":{"start":{"line":24,"column":2},"end":{"line":35,"column":3}},"type":"if","locations":[{"start":{"line":24,"column":2},"end":{"line":35,"column":3}},{"start":{},"end":{}}],"line":24},"5":{"loc":{"start":{"line":41,"column":9},"end":{"line":45,"column":9}},"type":"binary-expr","locations":[{"start":{"line":41,"column":9},"end":{"line":41,"column":13}},{"start":{"line":42,"column":10},"end":{"line":44,"column":14}}],"line":41},"6":{"loc":{"start":{"line":56,"column":2},"end":{"line":56,"column":16}},"type":"default-arg","locations":[{"start":{"line":56,"column":14},"end":{"line":56,"column":16}}],"line":56},"7":{"loc":{"start":{"line":57,"column":2},"end":{"line":57,"column":31}},"type":"default-arg","locations":[{"start":{"line":57,"column":16},"end":{"line":57,"column":31}}],"line":57},"8":{"loc":{"start":{"line":63,"column":16},"end":{"line":63,"column":35}},"type":"binary-expr","locations":[{"start":{"line":63,"column":16},"end":{"line":63,"column":23}},{"start":{"line":63,"column":27},"end":{"line":63,"column":35}}],"line":63},"9":{"loc":{"start":{"line":64,"column":42},"end":{"line":64,"column":77}},"type":"cond-expr","locations":[{"start":{"line":64,"column":52},"end":{"line":64,"column":72}},{"start":{"line":64,"column":75},"end":{"line":64,"column":77}}],"line":64},"10":{"loc":{"start":{"line":66,"column":7},"end":{"line":70,"column":7}},"type":"binary-expr","locations":[{"start":{"line":66,"column":7},"end":{"line":66,"column":14}},{"start":{"line":67,"column":8},"end":{"line":69,"column":14}}],"line":66},"11":{"loc":{"start":{"line":71,"column":23},"end":{"line":71,"column":60}},"type":"cond-expr","locations":[{"start":{"line":71,"column":33},"end":{"line":71,"column":44}},{"start":{"line":71,"column":47},"end":{"line":71,"column":60}}],"line":71},"12":{"loc":{"start":{"line":72,"column":9},"end":{"line":72,"column":41}},"type":"cond-expr","locations":[{"start":{"line":72,"column":19},"end":{"line":72,"column":30}},{"start":{"line":72,"column":33},"end":{"line":72,"column":41}}],"line":72},"13":{"loc":{"start":{"line":79,"column":30},"end":{"line":79,"column":44}},"type":"default-arg","locations":[{"start":{"line":79,"column":42},"end":{"line":79,"column":44}}],"line":79},"14":{"loc":{"start":{"line":94,"column":30},"end":{"line":94,"column":39}},"type":"default-arg","locations":[{"start":{"line":94,"column":38},"end":{"line":94,"column":39}}],"line":94},"15":{"loc":{"start":{"line":94,"column":41},"end":{"line":94,"column":55}},"type":"default-arg","locations":[{"start":{"line":94,"column":53},"end":{"line":94,"column":55}}],"line":94}},"s":{"0":0,"1":0,"2":0,"3":0,"4":0,"5":0,"6":0,"7":0,"8":0,"9":0,"10":0,"11":0,"12":0},"f":{"0":0,"1":0,"2":0,"3":0,"4":0},"b":{"0":[0],"1":[0],"2":[0],"3":[0],"4":[0,0],"5":[0,0],"6":[0],"7":[0],"8":[0,0],"9":[0,0],"10":[0,0],"11":[0,0],"12":[0,0],"13":[0],"14":[0],"15":[0]}}
,"D:\\Alvine\\SCIM\\src\\components\\common\\Modal.jsx": {"path":"D:\\Alvine\\SCIM\\src\\components\\common\\Modal.jsx","statementMap":{"0":{"start":{"line":5,"column":14},"end":{"line":113,"column":1}},"1":{"start":{"line":17,"column":23},"end":{"line":17,"column":43}},"2":{"start":{"line":19,"column":16},"end":{"line":25,"column":3}},"3":{"start":{"line":28,"column":2},"end":{"line":39,"column":39}},"4":{"start":{"line":29,"column":4},"end":{"line":29,"column":42}},"5":{"start":{"line":29,"column":35},"end":{"line":29,"column":42}},"6":{"start":{"line":31,"column":25},"end":{"line":35,"column":5}},"7":{"start":{"line":32,"column":6},"end":{"line":34,"column":7}},"8":{"start":{"line":33,"column":8},"end":{"line":33,"column":18}},"9":{"start":{"line":37,"column":4},"end":{"line":37,"column":55}},"10":{"start":{"line":38,"column":4},"end":{"line":38,"column":71}},"11":{"start":{"line":38,"column":17},"end":{"line":38,"column":70}},"12":{"start":{"line":42,"column":2},"end":{"line":52,"column":15}},"13":{"start":{"line":43,"column":4},"end":{"line":47,"column":5}},"14":{"start":{"line":44,"column":6},"end":{"line":44,"column":46}},"15":{"start":{"line":46,"column":6},"end":{"line":46,"column":45}},"16":{"start":{"line":49,"column":4},"end":{"line":51,"column":6}},"17":{"start":{"line":50,"column":6},"end":{"line":50,"column":45}},"18":{"start":{"line":54,"column":2},"end":{"line":54,"column":27}},"19":{"start":{"line":54,"column":15},"end":{"line":54,"column":27}},"20":{"start":{"line":56,"column":29},"end":{"line":60,"column":3}},"21":{"start":{"line":57,"column":4},"end":{"line":59,"column":5}},"22":{"start":{"line":58,"column":6},"end":{"line":58,"column":16}},"23":{"start":{"line":62,"column":2},"end":{"line":112,"column":4}},"24":{"start":{"line":116,"column":28},"end":{"line":184,"column":1}},"25":{"start":{"line":127,"column":19},"end":{"line":140,"column":3}},"26":{"start":{"line":142,"column":24},"end":{"line":149,"column":3}},"27":{"start":{"line":143,"column":4},"end":{"line":148,"column":5}},"28":{"start":{"line":144,"column":6},"end":{"line":144,"column":24}},"29":{"start":{"line":145,"column":6},"end":{"line":145,"column":16}},"30":{"start":{"line":151,"column":2},"end":{"line":183,"column":4}}},"fnMap":{"0":{"name":"(anonymous_0)","decl":{"start":{"line":5,"column":14},"end":{"line":5,"column":15}},"loc":{"start":{"line":16,"column":6},"end":{"line":113,"column":1}},"line":16},"1":{"name":"(anonymous_1)","decl":{"start":{"line":28,"column":12},"end":{"line":28,"column":13}},"loc":{"start":{"line":28,"column":18},"end":{"line":39,"column":3}},"line":28},"2":{"name":"(anonymous_2)","decl":{"start":{"line":31,"column":25},"end":{"line":31,"column":26}},"loc":{"start":{"line":31,"column":32},"end":{"line":35,"column":5}},"line":31},"3":{"name":"(anonymous_3)","decl":{"start":{"line":38,"column":11},"end":{"line":38,"column":12}},"loc":{"start":{"line":38,"column":17},"end":{"line":38,"column":70}},"line":38},"4":{"name":"(anonymous_4)","decl":{"start":{"line":42,"column":12},"end":{"line":42,"column":13}},"loc":{"start":{"line":42,"column":18},"end":{"line":52,"column":3}},"line":42},"5":{"name":"(anonymous_5)","decl":{"start":{"line":49,"column":11},"end":{"line":49,"column":12}},"loc":{"start":{"line":49,"column":17},"end":{"line":51,"column":5}},"line":49},"6":{"name":"(anonymous_6)","decl":{"start":{"line":56,"column":29},"end":{"line":56,"column":30}},"loc":{"start":{"line":56,"column":36},"end":{"line":60,"column":3}},"line":56},"7":{"name":"(anonymous_7)","decl":{"start":{"line":116,"column":28},"end":{"line":116,"column":29}},"loc":{"start":{"line":126,"column":6},"end":{"line":184,"column":1}},"line":126},"8":{"name":"(anonymous_8)","decl":{"start":{"line":142,"column":24},"end":{"line":142,"column":25}},"loc":{"start":{"line":142,"column":36},"end":{"line":149,"column":3}},"line":142}},"branchMap":{"0":{"loc":{"start":{"line":10,"column":2},"end":{"line":10,"column":13}},"type":"default-arg","locations":[{"start":{"line":10,"column":9},"end":{"line":10,"column":13}}],"line":10},"1":{"loc":{"start":{"line":11,"column":2},"end":{"line":11,"column":24}},"type":"default-arg","locations":[{"start":{"line":11,"column":20},"end":{"line":11,"column":24}}],"line":11},"2":{"loc":{"start":{"line":12,"column":2},"end":{"line":12,"column":28}},"type":"default-arg","locations":[{"start":{"line":12,"column":24},"end":{"line":12,"column":28}}],"line":12},"3":{"loc":{"start":{"line":13,"column":2},"end":{"line":13,"column":22}},"type":"default-arg","locations":[{"start":{"line":13,"column":18},"end":{"line":13,"column":22}}],"line":13},"4":{"loc":{"start":{"line":14,"column":2},"end":{"line":14,"column":16}},"type":"default-arg","locations":[{"start":{"line":14,"column":14},"end":{"line":14,"column":16}}],"line":14},"5":{"loc":{"start":{"line":29,"column":4},"end":{"line":29,"column":42}},"type":"if","locations":[{"start":{"line":29,"column":4},"end":{"line":29,"column":42}},{"start":{},"end":{}}],"line":29},"6":{"loc":{"start":{"line":29,"column":8},"end":{"line":29,"column":33}},"type":"binary-expr","locations":[{"start":{"line":29,"column":8},"end":{"line":29,"column":15}},{"start":{"line":29,"column":19},"end":{"line":29,"column":33}}],"line":29},"7":{"loc":{"start":{"line":32,"column":6},"end":{"line":34,"column":7}},"type":"if","locations":[{"start":{"line":32,"column":6},"end":{"line":34,"column":7}},{"start":{},"end":{}}],"line":32},"8":{"loc":{"start":{"line":43,"column":4},"end":{"line":47,"column":5}},"type":"if","locations":[{"start":{"line":43,"column":4},"end":{"line":47,"column":5}},{"start":{"line":45,"column":11},"end":{"line":47,"column":5}}],"line":43},"9":{"loc":{"start":{"line":54,"column":2},"end":{"line":54,"column":27}},"type":"if","locations":[{"start":{"line":54,"column":2},"end":{"line":54,"column":27}},{"start":{},"end":{}}],"line":54},"10":{"loc":{"start":{"line":57,"column":4},"end":{"line":59,"column":5}},"type":"if","locations":[{"start":{"line":57,"column":4},"end":{"line":59,"column":5}},{"start":{},"end":{}}],"line":57},"11":{"loc":{"start":{"line":57,"column":8},"end":{"line":57,"column":59}},"type":"binary-expr","locations":[{"start":{"line":57,"column":8},"end":{"line":57,"column":27}},{"start":{"line":57,"column":31},"end":{"line":57,"column":59}}],"line":57},"12":{"loc":{"start":{"line":67,"column":23},"end":{"line":67,"column":56}},"type":"cond-expr","locations":[{"start":{"line":67,"column":31},"end":{"line":67,"column":44}},{"start":{"line":67,"column":47},"end":{"line":67,"column":56}}],"line":67},"13":{"loc":{"start":{"line":87,"column":9},"end":{"line":104,"column":9}},"type":"binary-expr","locations":[{"start":{"line":87,"column":10},"end":{"line":87,"column":15}},{"start":{"line":87,"column":19},"end":{"line":87,"column":34}},{"start":{"line":88,"column":10},"end":{"line":103,"column":16}}],"line":87},"14":{"loc":{"start":{"line":89,"column":13},"end":{"line":93,"column":13}},"type":"binary-expr","locations":[{"start":{"line":89,"column":13},"end":{"line":89,"column":18}},{"start":{"line":90,"column":14},"end":{"line":92,"column":19}}],"line":89},"15":{"loc":{"start":{"line":94,"column":13},"end":{"line":102,"column":13}},"type":"binary-expr","locations":[{"start":{"line":94,"column":13},"end":{"line":94,"column":28}},{"start":{"line":95,"column":14},"end":{"line":101,"column":23}}],"line":94},"16":{"loc":{"start":{"line":120,"column":2},"end":{"line":120,"column":24}},"type":"default-arg","locations":[{"start":{"line":120,"column":10},"end":{"line":120,"column":24}}],"line":120},"17":{"loc":{"start":{"line":121,"column":2},"end":{"line":121,"column":50}},"type":"default-arg","locations":[{"start":{"line":121,"column":12},"end":{"line":121,"column":50}}],"line":121},"18":{"loc":{"start":{"line":122,"column":2},"end":{"line":122,"column":27}},"type":"default-arg","locations":[{"start":{"line":122,"column":16},"end":{"line":122,"column":27}}],"line":122},"19":{"loc":{"start":{"line":123,"column":2},"end":{"line":123,"column":24}},"type":"default-arg","locations":[{"start":{"line":123,"column":15},"end":{"line":123,"column":24}}],"line":123},"20":{"loc":{"start":{"line":124,"column":2},"end":{"line":124,"column":20}},"type":"default-arg","locations":[{"start":{"line":124,"column":12},"end":{"line":124,"column":20}}],"line":124},"21":{"loc":{"start":{"line":125,"column":2},"end":{"line":125,"column":17}},"type":"default-arg","locations":[{"start":{"line":125,"column":12},"end":{"line":125,"column":17}}],"line":125},"22":{"loc":{"start":{"line":175,"column":16},"end":{"line":175,"column":51}},"type":"cond-expr","locations":[{"start":{"line":175,"column":26},"end":{"line":175,"column":46}},{"start":{"line":175,"column":49},"end":{"line":175,"column":51}}],"line":175},"23":{"loc":{"start":{"line":178,"column":13},"end":{"line":178,"column":52}},"type":"cond-expr","locations":[{"start":{"line":178,"column":23},"end":{"line":178,"column":38}},{"start":{"line":178,"column":41},"end":{"line":178,"column":52}}],"line":178}},"s":{"0":0,"1":0,"2":0,"3":0,"4":0,"5":0,"6":0,"7":0,"8":0,"9":0,"10":0,"11":0,"12":0,"13":0,"14":0,"15":0,"16":0,"17":0,"18":0,"19":0,"20":0,"21":0,"22":0,"23":0,"24":0,"25":0,"26":0,"27":0,"28":0,"29":0,"30":0},"f":{"0":0,"1":0,"2":0,"3":0,"4":0,"5":0,"6":0,"7":0,"8":0},"b":{"0":[0],"1":[0],"2":[0],"3":[0],"4":[0],"5":[0,0],"6":[0,0],"7":[0,0],"8":[0,0],"9":[0,0],"10":[0,0],"11":[0,0],"12":[0,0],"13":[0,0,0],"14":[0,0],"15":[0,0],"16":[0],"17":[0],"18":[0],"19":[0],"20":[0],"21":[0],"22":[0,0],"23":[0,0]}}
,"D:\\Alvine\\SCIM\\src\\components\\common\\ScrollToTop.jsx": {"path":"D:\\Alvine\\SCIM\\src\\components\\common\\ScrollToTop.jsx","statementMap":{"0":{"start":{"line":5,"column":23},"end":{"line":5,"column":36}},"1":{"start":{"line":7,"column":2},"end":{"line":11,"column":17}},"2":{"start":{"line":8,"column":4},"end":{"line":10,"column":5}},"3":{"start":{"line":9,"column":6},"end":{"line":9,"column":63}},"4":{"start":{"line":13,"column":2},"end":{"line":13,"column":14}}},"fnMap":{"0":{"name":"ScrollToTop","decl":{"start":{"line":4,"column":24},"end":{"line":4,"column":35}},"loc":{"start":{"line":4,"column":38},"end":{"line":14,"column":1}},"line":4},"1":{"name":"(anonymous_1)","decl":{"start":{"line":7,"column":12},"end":{"line":7,"column":13}},"loc":{"start":{"line":7,"column":18},"end":{"line":11,"column":3}},"line":7}},"branchMap":{"0":{"loc":{"start":{"line":8,"column":4},"end":{"line":10,"column":5}},"type":"if","locations":[{"start":{"line":8,"column":4},"end":{"line":10,"column":5}},{"start":{},"end":{}}],"line":8}},"s":{"0":0,"1":0,"2":0,"3":0,"4":0},"f":{"0":0,"1":0},"b":{"0":[0,0]}}
,"D:\\Alvine\\SCIM\\src\\components\\common\\StarRating.jsx": {"path":"D:\\Alvine\\SCIM\\src\\components\\common\\StarRating.jsx","statementMap":{"0":{"start":{"line":5,"column":19},"end":{"line":18,"column":1}},"1":{"start":{"line":6,"column":17},"end":{"line":6,"column":97}},"2":{"start":{"line":7,"column":17},"end":{"line":7,"column":35}},"3":{"start":{"line":8,"column":2},"end":{"line":17,"column":4}},"4":{"start":{"line":11,"column":8},"end":{"line":11,"column":116}}},"fnMap":{"0":{"name":"(anonymous_0)","decl":{"start":{"line":5,"column":19},"end":{"line":5,"column":20}},"loc":{"start":{"line":5,"column":68},"end":{"line":18,"column":1}},"line":5},"1":{"name":"(anonymous_1)","decl":{"start":{"line":10,"column":23},"end":{"line":10,"column":24}},"loc":{"start":{"line":11,"column":8},"end":{"line":11,"column":116}},"line":11}},"branchMap":{"0":{"loc":{"start":{"line":5,"column":22},"end":{"line":5,"column":31}},"type":"default-arg","locations":[{"start":{"line":5,"column":30},"end":{"line":5,"column":31}}],"line":5},"1":{"loc":{"start":{"line":5,"column":33},"end":{"line":5,"column":50}},"type":"default-arg","locations":[{"start":{"line":5,"column":46},"end":{"line":5,"column":50}}],"line":5},"2":{"loc":{"start":{"line":6,"column":17},"end":{"line":6,"column":97}},"type":"cond-expr","locations":[{"start":{"line":6,"column":62},"end":{"line":6,"column":93}},{"start":{"line":6,"column":96},"end":{"line":6,"column":97}}],"line":6},"3":{"loc":{"start":{"line":6,"column":17},"end":{"line":6,"column":59}},"type":"binary-expr","locations":[{"start":{"line":6,"column":17},"end":{"line":6,"column":42}},{"start":{"line":6,"column":46},"end":{"line":6,"column":59}}],"line":6},"4":{"loc":{"start":{"line":11,"column":47},"end":{"line":11,"column":111}},"type":"cond-expr","locations":[{"start":{"line":11,"column":61},"end":{"line":11,"column":93}},{"start":{"line":11,"column":96},"end":{"line":11,"column":111}}],"line":11},"5":{"loc":{"start":{"line":13,"column":7},"end":{"line":15,"column":7}},"type":"binary-expr","locations":[{"start":{"line":13,"column":7},"end":{"line":13,"column":17}},{"start":{"line":14,"column":8},"end":{"line":14,"column":79}}],"line":13}},"s":{"0":0,"1":0,"2":0,"3":0,"4":0},"f":{"0":0,"1":0},"b":{"0":[0],"1":[0],"2":[0,0],"3":[0,0],"4":[0,0],"5":[0,0]}}
,"D:\\Alvine\\SCIM\\src\\components\\common\\Toast.jsx": {"path":"D:\\Alvine\\SCIM\\src\\components\\common\\Toast.jsx","statementMap":{"0":{"start":{"line":4,"column":21},"end":{"line":4,"column":36}},"1":{"start":{"line":6,"column":24},"end":{"line":12,"column":1}},"2":{"start":{"line":7,"column":18},"end":{"line":7,"column":42}},"3":{"start":{"line":8,"column":2},"end":{"line":10,"column":3}},"4":{"start":{"line":9,"column":4},"end":{"line":9,"column":68}},"5":{"start":{"line":11,"column":2},"end":{"line":11,"column":17}},"6":{"start":{"line":14,"column":14},"end":{"line":70,"column":1}},"7":{"start":{"line":15,"column":16},"end":{"line":20,"column":3}},"8":{"start":{"line":22,"column":17},"end":{"line":27,"column":3}},"9":{"start":{"line":29,"column":21},"end":{"line":34,"column":3}},"10":{"start":{"line":36,"column":15},"end":{"line":36,"column":32}},"11":{"start":{"line":38,"column":2},"end":{"line":69,"column":4}},"12":{"start":{"line":62,"column":25},"end":{"line":62,"column":43}},"13":{"start":{"line":72,"column":29},"end":{"line":168,"column":1}},"14":{"start":{"line":73,"column":30},"end":{"line":73,"column":42}},"15":{"start":{"line":75,"column":19},"end":{"line":102,"column":8}},"16":{"start":{"line":76,"column":15},"end":{"line":76,"column":41}},"17":{"start":{"line":77,"column":21},"end":{"line":83,"column":5}},"18":{"start":{"line":85,"column":4},"end":{"line":85,"column":43}},"19":{"start":{"line":85,"column":22},"end":{"line":85,"column":41}},"20":{"start":{"line":88,"column":4},"end":{"line":92,"column":12}},"21":{"start":{"line":89,"column":6},"end":{"line":91,"column":8}},"22":{"start":{"line":90,"column":8},"end":{"line":90,"column":66}},"23":{"start":{"line":90,"column":22},"end":{"line":90,"column":65}},"24":{"start":{"line":95,"column":4},"end":{"line":99,"column":5}},"25":{"start":{"line":96,"column":6},"end":{"line":98,"column":28}},"26":{"start":{"line":97,"column":8},"end":{"line":97,"column":24}},"27":{"start":{"line":101,"column":4},"end":{"line":101,"column":14}},"28":{"start":{"line":104,"column":22},"end":{"line":114,"column":8}},"29":{"start":{"line":106,"column":4},"end":{"line":108,"column":6}},"30":{"start":{"line":107,"column":6},"end":{"line":107,"column":65}},"31":{"start":{"line":107,"column":20},"end":{"line":107,"column":64}},"32":{"start":{"line":111,"column":4},"end":{"line":113,"column":12}},"33":{"start":{"line":112,"column":6},"end":{"line":112,"column":55}},"34":{"start":{"line":112,"column":24},"end":{"line":112,"column":53}},"35":{"start":{"line":112,"column":41},"end":{"line":112,"column":52}},"36":{"start":{"line":116,"column":26},"end":{"line":118,"column":8}},"37":{"start":{"line":117,"column":4},"end":{"line":117,"column":18}},"38":{"start":{"line":121,"column":16},"end":{"line":150,"column":3}},"39":{"start":{"line":122,"column":40},"end":{"line":127,"column":6}},"40":{"start":{"line":128,"column":38},"end":{"line":134,"column":6}},"41":{"start":{"line":135,"column":40},"end":{"line":140,"column":6}},"42":{"start":{"line":141,"column":37},"end":{"line":146,"column":6}},"43":{"start":{"line":152,"column":2},"end":{"line":167,"column":4}},"44":{"start":{"line":159,"column":10},"end":{"line":163,"column":12}}},"fnMap":{"0":{"name":"(anonymous_0)","decl":{"start":{"line":6,"column":24},"end":{"line":6,"column":25}},"loc":{"start":{"line":6,"column":30},"end":{"line":12,"column":1}},"line":6},"1":{"name":"(anonymous_1)","decl":{"start":{"line":14,"column":14},"end":{"line":14,"column":15}},"loc":{"start":{"line":14,"column":39},"end":{"line":70,"column":1}},"line":14},"2":{"name":"(anonymous_2)","decl":{"start":{"line":62,"column":19},"end":{"line":62,"column":20}},"loc":{"start":{"line":62,"column":25},"end":{"line":62,"column":43}},"line":62},"3":{"name":"(anonymous_3)","decl":{"start":{"line":72,"column":29},"end":{"line":72,"column":30}},"loc":{"start":{"line":72,"column":47},"end":{"line":168,"column":1}},"line":72},"4":{"name":"(anonymous_4)","decl":{"start":{"line":75,"column":31},"end":{"line":75,"column":32}},"loc":{"start":{"line":75,"column":42},"end":{"line":102,"column":3}},"line":75},"5":{"name":"(anonymous_5)","decl":{"start":{"line":85,"column":14},"end":{"line":85,"column":15}},"loc":{"start":{"line":85,"column":22},"end":{"line":85,"column":41}},"line":85},"6":{"name":"(anonymous_6)","decl":{"start":{"line":88,"column":15},"end":{"line":88,"column":16}},"loc":{"start":{"line":88,"column":21},"end":{"line":92,"column":5}},"line":88},"7":{"name":"(anonymous_7)","decl":{"start":{"line":89,"column":16},"end":{"line":89,"column":17}},"loc":{"start":{"line":90,"column":8},"end":{"line":90,"column":66}},"line":90},"8":{"name":"(anonymous_8)","decl":{"start":{"line":90,"column":17},"end":{"line":90,"column":18}},"loc":{"start":{"line":90,"column":22},"end":{"line":90,"column":65}},"line":90},"9":{"name":"(anonymous_9)","decl":{"start":{"line":96,"column":17},"end":{"line":96,"column":18}},"loc":{"start":{"line":96,"column":23},"end":{"line":98,"column":7}},"line":96},"10":{"name":"(anonymous_10)","decl":{"start":{"line":104,"column":34},"end":{"line":104,"column":35}},"loc":{"start":{"line":104,"column":42},"end":{"line":114,"column":3}},"line":104},"11":{"name":"(anonymous_11)","decl":{"start":{"line":106,"column":14},"end":{"line":106,"column":15}},"loc":{"start":{"line":107,"column":6},"end":{"line":107,"column":65}},"line":107},"12":{"name":"(anonymous_12)","decl":{"start":{"line":107,"column":15},"end":{"line":107,"column":16}},"loc":{"start":{"line":107,"column":20},"end":{"line":107,"column":64}},"line":107},"13":{"name":"(anonymous_13)","decl":{"start":{"line":111,"column":15},"end":{"line":111,"column":16}},"loc":{"start":{"line":111,"column":21},"end":{"line":113,"column":5}},"line":111},"14":{"name":"(anonymous_14)","decl":{"start":{"line":112,"column":16},"end":{"line":112,"column":17}},"loc":{"start":{"line":112,"column":24},"end":{"line":112,"column":53}},"line":112},"15":{"name":"(anonymous_15)","decl":{"start":{"line":112,"column":36},"end":{"line":112,"column":37}},"loc":{"start":{"line":112,"column":41},"end":{"line":112,"column":52}},"line":112},"16":{"name":"(anonymous_16)","decl":{"start":{"line":116,"column":38},"end":{"line":116,"column":39}},"loc":{"start":{"line":116,"column":44},"end":{"line":118,"column":3}},"line":116},"17":{"name":"(anonymous_17)","decl":{"start":{"line":122,"column":13},"end":{"line":122,"column":14}},"loc":{"start":{"line":122,"column":40},"end":{"line":127,"column":6}},"line":122},"18":{"name":"(anonymous_18)","decl":{"start":{"line":128,"column":11},"end":{"line":128,"column":12}},"loc":{"start":{"line":128,"column":38},"end":{"line":134,"column":6}},"line":128},"19":{"name":"(anonymous_19)","decl":{"start":{"line":135,"column":13},"end":{"line":135,"column":14}},"loc":{"start":{"line":135,"column":40},"end":{"line":140,"column":6}},"line":135},"20":{"name":"(anonymous_20)","decl":{"start":{"line":141,"column":10},"end":{"line":141,"column":11}},"loc":{"start":{"line":141,"column":37},"end":{"line":146,"column":6}},"line":141},"21":{"name":"(anonymous_21)","decl":{"start":{"line":158,"column":20},"end":{"line":158,"column":21}},"loc":{"start":{"line":159,"column":10},"end":{"line":163,"column":12}},"line":159}},"branchMap":{"0":{"loc":{"start":{"line":8,"column":2},"end":{"line":10,"column":3}},"type":"if","locations":[{"start":{"line":8,"column":2},"end":{"line":10,"column":3}},{"start":{},"end":{}}],"line":8},"1":{"loc":{"start":{"line":43,"column":8},"end":{"line":43,"column":84}},"type":"cond-expr","locations":[{"start":{"line":43,"column":26},"end":{"line":43,"column":53}},{"start":{"line":43,"column":56},"end":{"line":43,"column":84}}],"line":43},"2":{"loc":{"start":{"line":48,"column":11},"end":{"line":50,"column":11}},"type":"binary-expr","locations":[{"start":{"line":48,"column":11},"end":{"line":48,"column":22}},{"start":{"line":49,"column":12},"end":{"line":49,"column":65}}],"line":48},"3":{"loc":{"start":{"line":52,"column":11},"end":{"line":59,"column":11}},"type":"binary-expr","locations":[{"start":{"line":52,"column":11},"end":{"line":52,"column":23}},{"start":{"line":53,"column":12},"end":{"line":58,"column":21}}],"line":52},"4":{"loc":{"start":{"line":90,"column":22},"end":{"line":90,"column":65}},"type":"cond-expr","locations":[{"start":{"line":90,"column":36},"end":{"line":90,"column":61}},{"start":{"line":90,"column":64},"end":{"line":90,"column":65}}],"line":90},"5":{"loc":{"start":{"line":95,"column":4},"end":{"line":99,"column":5}},"type":"if","locations":[{"start":{"line":95,"column":4},"end":{"line":99,"column":5}},{"start":{},"end":{}}],"line":95},"6":{"loc":{"start":{"line":107,"column":20},"end":{"line":107,"column":64}},"type":"cond-expr","locations":[{"start":{"line":107,"column":34},"end":{"line":107,"column":60}},{"start":{"line":107,"column":63},"end":{"line":107,"column":64}}],"line":107},"7":{"loc":{"start":{"line":122,"column":23},"end":{"line":122,"column":35}},"type":"default-arg","locations":[{"start":{"line":122,"column":33},"end":{"line":122,"column":35}}],"line":122},"8":{"loc":{"start":{"line":125,"column":13},"end":{"line":125,"column":38}},"type":"binary-expr","locations":[{"start":{"line":125,"column":13},"end":{"line":125,"column":26}},{"start":{"line":125,"column":30},"end":{"line":125,"column":38}}],"line":125},"9":{"loc":{"start":{"line":128,"column":21},"end":{"line":128,"column":33}},"type":"default-arg","locations":[{"start":{"line":128,"column":31},"end":{"line":128,"column":33}}],"line":128},"10":{"loc":{"start":{"line":131,"column":13},"end":{"line":131,"column":38}},"type":"binary-expr","locations":[{"start":{"line":131,"column":13},"end":{"line":131,"column":26}},{"start":{"line":131,"column":30},"end":{"line":131,"column":38}}],"line":131},"11":{"loc":{"start":{"line":132,"column":16},"end":{"line":132,"column":40}},"type":"binary-expr","locations":[{"start":{"line":132,"column":16},"end":{"line":132,"column":32}},{"start":{"line":132,"column":36},"end":{"line":132,"column":40}}],"line":132},"12":{"loc":{"start":{"line":135,"column":23},"end":{"line":135,"column":35}},"type":"default-arg","locations":[{"start":{"line":135,"column":33},"end":{"line":135,"column":35}}],"line":135},"13":{"loc":{"start":{"line":138,"column":13},"end":{"line":138,"column":41}},"type":"binary-expr","locations":[{"start":{"line":138,"column":13},"end":{"line":138,"column":26}},{"start":{"line":138,"column":30},"end":{"line":138,"column":41}}],"line":138},"14":{"loc":{"start":{"line":141,"column":20},"end":{"line":141,"column":32}},"type":"default-arg","locations":[{"start":{"line":141,"column":30},"end":{"line":141,"column":32}}],"line":141},"15":{"loc":{"start":{"line":144,"column":13},"end":{"line":144,"column":43}},"type":"binary-expr","locations":[{"start":{"line":144,"column":13},"end":{"line":144,"column":26}},{"start":{"line":144,"column":30},"end":{"line":144,"column":43}}],"line":144}},"s":{"0":0,"1":0,"2":0,"3":0,"4":0,"5":0,"6":0,"7":0,"8":0,"9":0,"10":0,"11":0,"12":0,"13":0,"14":0,"15":0,"16":0,"17":0,"18":0,"19":0,"20":0,"21":0,"22":0,"23":0,"24":0,"25":0,"26":0,"27":0,"28":0,"29":0,"30":0,"31":0,"32":0,"33":0,"34":0,"35":0,"36":0,"37":0,"38":0,"39":0,"40":0,"41":0,"42":0,"43":0,"44":0},"f":{"0":0,"1":0,"2":0,"3":0,"4":0,"5":0,"6":0,"7":0,"8":0,"9":0,"10":0,"11":0,"12":0,"13":0,"14":0,"15":0,"16":0,"17":0,"18":0,"19":0,"20":0,"21":0},"b":{"0":[0,0],"1":[0,0],"2":[0,0],"3":[0,0],"4":[0,0],"5":[0,0],"6":[0,0],"7":[0],"8":[0,0],"9":[0],"10":[0,0],"11":[0,0],"12":[0],"13":[0,0],"14":[0],"15":[0,0]}}
,"D:\\Alvine\\SCIM\\src\\components\\common\\VirtualizedList.jsx": {"path":"D:\\Alvine\\SCIM\\src\\components\\common\\VirtualizedList.jsx","statementMap":{"0":{"start":{"line":3,"column":24},"end":{"line":71,"column":1}},"1":{"start":{"line":13,"column":36},"end":{"line":13,"column":47}},"2":{"start":{"line":14,"column":23},"end":{"line":14,"column":31}},"3":{"start":{"line":17,"column":23},"end":{"line":25,"column":70}},"4":{"start":{"line":18,"column":23},"end":{"line":18,"column":81}},"5":{"start":{"line":19,"column":21},"end":{"line":22,"column":5}},"6":{"start":{"line":24,"column":4},"end":{"line":24,"column":36}},"7":{"start":{"line":28,"column":23},"end":{"line":35,"column":39}},"8":{"start":{"line":29,"column":37},"end":{"line":29,"column":49}},"9":{"start":{"line":30,"column":4},"end":{"line":34,"column":8}},"10":{"start":{"line":30,"column":71},"end":{"line":34,"column":5}},"11":{"start":{"line":37,"column":23},"end":{"line":41,"column":3}},"12":{"start":{"line":38,"column":25},"end":{"line":38,"column":43}},"13":{"start":{"line":39,"column":4},"end":{"line":39,"column":31}},"14":{"start":{"line":40,"column":4},"end":{"line":40,"column":16}},"15":{"start":{"line":43,"column":22},"end":{"line":43,"column":47}},"16":{"start":{"line":45,"column":2},"end":{"line":70,"column":4}},"17":{"start":{"line":55,"column":10},"end":{"line":66,"column":16}},"18":{"start":{"line":74,"column":39},"end":{"line":124,"column":1}},"19":{"start":{"line":79,"column":25},"end":{"line":113,"column":3}},"20":{"start":{"line":80,"column":4},"end":{"line":112,"column":10}},"21":{"start":{"line":82,"column":21},"end":{"line":82,"column":46}},"22":{"start":{"line":115,"column":2},"end":{"line":123,"column":4}},"23":{"start":{"line":127,"column":41},"end":{"line":189,"column":1}},"24":{"start":{"line":131,"column":28},"end":{"line":131,"column":40}},"25":{"start":{"line":132,"column":32},"end":{"line":132,"column":47}},"26":{"start":{"line":133,"column":32},"end":{"line":133,"column":46}},"27":{"start":{"line":134,"column":26},"end":{"line":134,"column":37}},"28":{"start":{"line":139,"column":6},"end":{"line":139,"column":13}},"29":{"start":{"line":141,"column":19},"end":{"line":160,"column":3}},"30":{"start":{"line":142,"column":4},"end":{"line":142,"column":36}},"31":{"start":{"line":142,"column":29},"end":{"line":142,"column":36}},"32":{"start":{"line":144,"column":4},"end":{"line":159,"column":5}},"33":{"start":{"line":145,"column":6},"end":{"line":145,"column":23}},"34":{"start":{"line":146,"column":21},"end":{"line":146,"column":53}},"35":{"start":{"line":148,"column":6},"end":{"line":154,"column":7}},"36":{"start":{"line":149,"column":8},"end":{"line":149,"column":52}},"37":{"start":{"line":149,"column":25},"end":{"line":149,"column":50}},"38":{"start":{"line":150,"column":8},"end":{"line":150,"column":34}},"39":{"start":{"line":150,"column":24},"end":{"line":150,"column":32}},"40":{"start":{"line":151,"column":8},"end":{"line":151,"column":60}},"41":{"start":{"line":153,"column":8},"end":{"line":153,"column":26}},"42":{"start":{"line":156,"column":6},"end":{"line":156,"column":57}},"43":{"start":{"line":158,"column":6},"end":{"line":158,"column":24}},"44":{"start":{"line":162,"column":23},"end":{"line":168,"column":3}},"45":{"start":{"line":163,"column":54},"end":{"line":163,"column":62}},"46":{"start":{"line":165,"column":4},"end":{"line":167,"column":5}},"47":{"start":{"line":166,"column":6},"end":{"line":166,"column":17}},"48":{"start":{"line":170,"column":16},"end":{"line":175,"column":3}},"49":{"start":{"line":171,"column":4},"end":{"line":171,"column":17}},"50":{"start":{"line":172,"column":4},"end":{"line":172,"column":15}},"51":{"start":{"line":173,"column":4},"end":{"line":173,"column":21}},"52":{"start":{"line":174,"column":4},"end":{"line":174,"column":22}},"53":{"start":{"line":177,"column":2},"end":{"line":179,"column":9}},"54":{"start":{"line":178,"column":4},"end":{"line":178,"column":15}},"55":{"start":{"line":181,"column":2},"end":{"line":188,"column":4}}},"fnMap":{"0":{"name":"(anonymous_0)","decl":{"start":{"line":3,"column":24},"end":{"line":3,"column":25}},"loc":{"start":{"line":12,"column":6},"end":{"line":71,"column":1}},"line":12},"1":{"name":"(anonymous_1)","decl":{"start":{"line":10,"column":13},"end":{"line":10,"column":14}},"loc":{"start":{"line":10,"column":19},"end":{"line":10,"column":21}},"line":10},"2":{"name":"(anonymous_2)","decl":{"start":{"line":17,"column":31},"end":{"line":17,"column":32}},"loc":{"start":{"line":17,"column":37},"end":{"line":25,"column":3}},"line":17},"3":{"name":"(anonymous_3)","decl":{"start":{"line":28,"column":31},"end":{"line":28,"column":32}},"loc":{"start":{"line":28,"column":37},"end":{"line":35,"column":3}},"line":28},"4":{"name":"(anonymous_4)","decl":{"start":{"line":30,"column":53},"end":{"line":30,"column":54}},"loc":{"start":{"line":30,"column":71},"end":{"line":34,"column":5}},"line":30},"5":{"name":"(anonymous_5)","decl":{"start":{"line":37,"column":23},"end":{"line":37,"column":24}},"loc":{"start":{"line":37,"column":30},"end":{"line":41,"column":3}},"line":37},"6":{"name":"(anonymous_6)","decl":{"start":{"line":54,"column":26},"end":{"line":54,"column":27}},"loc":{"start":{"line":55,"column":10},"end":{"line":66,"column":16}},"line":55},"7":{"name":"(anonymous_7)","decl":{"start":{"line":74,"column":39},"end":{"line":74,"column":40}},"loc":{"start":{"line":78,"column":6},"end":{"line":124,"column":1}},"line":78},"8":{"name":"(anonymous_8)","decl":{"start":{"line":79,"column":25},"end":{"line":79,"column":26}},"loc":{"start":{"line":80,"column":4},"end":{"line":112,"column":10}},"line":80},"9":{"name":"(anonymous_9)","decl":{"start":{"line":82,"column":15},"end":{"line":82,"column":16}},"loc":{"start":{"line":82,"column":21},"end":{"line":82,"column":46}},"line":82},"10":{"name":"(anonymous_10)","decl":{"start":{"line":127,"column":41},"end":{"line":127,"column":42}},"loc":{"start":{"line":130,"column":5},"end":{"line":189,"column":1}},"line":130},"11":{"name":"(anonymous_11)","decl":{"start":{"line":141,"column":19},"end":{"line":141,"column":20}},"loc":{"start":{"line":141,"column":31},"end":{"line":160,"column":3}},"line":141},"12":{"name":"(anonymous_12)","decl":{"start":{"line":149,"column":17},"end":{"line":149,"column":18}},"loc":{"start":{"line":149,"column":25},"end":{"line":149,"column":50}},"line":149},"13":{"name":"(anonymous_13)","decl":{"start":{"line":150,"column":16},"end":{"line":150,"column":17}},"loc":{"start":{"line":150,"column":24},"end":{"line":150,"column":32}},"line":150},"14":{"name":"(anonymous_14)","decl":{"start":{"line":162,"column":23},"end":{"line":162,"column":24}},"loc":{"start":{"line":162,"column":30},"end":{"line":168,"column":3}},"line":162},"15":{"name":"(anonymous_15)","decl":{"start":{"line":170,"column":16},"end":{"line":170,"column":17}},"loc":{"start":{"line":170,"column":22},"end":{"line":175,"column":3}},"line":170},"16":{"name":"(anonymous_16)","decl":{"start":{"line":177,"column":12},"end":{"line":177,"column":13}},"loc":{"start":{"line":177,"column":18},"end":{"line":179,"column":3}},"line":177}},"branchMap":{"0":{"loc":{"start":{"line":4,"column":2},"end":{"line":4,"column":12}},"type":"default-arg","locations":[{"start":{"line":4,"column":10},"end":{"line":4,"column":12}}],"line":4},"1":{"loc":{"start":{"line":5,"column":2},"end":{"line":5,"column":18}},"type":"default-arg","locations":[{"start":{"line":5,"column":15},"end":{"line":5,"column":18}}],"line":5},"2":{"loc":{"start":{"line":6,"column":2},"end":{"line":6,"column":23}},"type":"default-arg","locations":[{"start":{"line":6,"column":20},"end":{"line":6,"column":23}}],"line":6},"3":{"loc":{"start":{"line":8,"column":2},"end":{"line":8,"column":14}},"type":"default-arg","locations":[{"start":{"line":8,"column":13},"end":{"line":8,"column":14}}],"line":8},"4":{"loc":{"start":{"line":9,"column":2},"end":{"line":9,"column":16}},"type":"default-arg","locations":[{"start":{"line":9,"column":14},"end":{"line":9,"column":16}}],"line":9},"5":{"loc":{"start":{"line":10,"column":2},"end":{"line":10,"column":21}},"type":"default-arg","locations":[{"start":{"line":10,"column":13},"end":{"line":10,"column":21}}],"line":10},"6":{"loc":{"start":{"line":77,"column":2},"end":{"line":77,"column":16}},"type":"default-arg","locations":[{"start":{"line":77,"column":14},"end":{"line":77,"column":16}}],"line":77},"7":{"loc":{"start":{"line":86,"column":11},"end":{"line":93,"column":11}},"type":"binary-expr","locations":[{"start":{"line":86,"column":11},"end":{"line":86,"column":26}},{"start":{"line":86,"column":30},"end":{"line":86,"column":48}},{"start":{"line":87,"column":12},"end":{"line":92,"column":14}}],"line":86},"8":{"loc":{"start":{"line":129,"column":2},"end":{"line":129,"column":14}},"type":"default-arg","locations":[{"start":{"line":129,"column":12},"end":{"line":129,"column":14}}],"line":129},"9":{"loc":{"start":{"line":137,"column":4},"end":{"line":137,"column":19}},"type":"default-arg","locations":[{"start":{"line":137,"column":16},"end":{"line":137,"column":19}}],"line":137},"10":{"loc":{"start":{"line":138,"column":4},"end":{"line":138,"column":14}},"type":"default-arg","locations":[{"start":{"line":138,"column":12},"end":{"line":138,"column":14}}],"line":138},"11":{"loc":{"start":{"line":142,"column":4},"end":{"line":142,"column":36}},"type":"if","locations":[{"start":{"line":142,"column":4},"end":{"line":142,"column":36}},{"start":{},"end":{}}],"line":142},"12":{"loc":{"start":{"line":142,"column":8},"end":{"line":142,"column":27}},"type":"binary-expr","locations":[{"start":{"line":142,"column":8},"end":{"line":142,"column":15}},{"start":{"line":142,"column":19},"end":{"line":142,"column":27}}],"line":142},"13":{"loc":{"start":{"line":148,"column":6},"end":{"line":154,"column":7}},"type":"if","locations":[{"start":{"line":148,"column":6},"end":{"line":154,"column":7}},{"start":{"line":152,"column":13},"end":{"line":154,"column":7}}],"line":148},"14":{"loc":{"start":{"line":148,"column":10},"end":{"line":148,"column":47}},"type":"binary-expr","locations":[{"start":{"line":148,"column":10},"end":{"line":148,"column":21}},{"start":{"line":148,"column":25},"end":{"line":148,"column":47}}],"line":148},"15":{"loc":{"start":{"line":151,"column":19},"end":{"line":151,"column":58}},"type":"binary-expr","locations":[{"start":{"line":151,"column":19},"end":{"line":151,"column":49}},{"start":{"line":151,"column":53},"end":{"line":151,"column":58}}],"line":151},"16":{"loc":{"start":{"line":165,"column":4},"end":{"line":167,"column":5}},"type":"if","locations":[{"start":{"line":165,"column":4},"end":{"line":167,"column":5}},{"start":{},"end":{}}],"line":165}},"s":{"0":0,"1":0,"2":0,"3":0,"4":0,"5":0,"6":0,"7":0,"8":0,"9":0,"10":0,"11":0,"12":0,"13":0,"14":0,"15":0,"16":0,"17":0,"18":0,"19":0,"20":0,"21":0,"22":0,"23":0,"24":0,"25":0,"26":0,"27":0,"28":0,"29":0,"30":0,"31":0,"32":0,"33":0,"34":0,"35":0,"36":0,"37":0,"38":0,"39":0,"40":0,"41":0,"42":0,"43":0,"44":0,"45":0,"46":0,"47":0,"48":0,"49":0,"50":0,"51":0,"52":0,"53":0,"54":0,"55":0},"f":{"0":0,"1":0,"2":0,"3":0,"4":0,"5":0,"6":0,"7":0,"8":0,"9":0,"10":0,"11":0,"12":0,"13":0,"14":0,"15":0,"16":0},"b":{"0":[0],"1":[0],"2":[0],"3":[0],"4":[0],"5":[0],"6":[0],"7":[0,0,0],"8":[0],"9":[0],"10":[0],"11":[0,0],"12":[0,0],"13":[0,0],"14":[0,0],"15":[0,0],"16":[0,0]}}
,"D:\\Alvine\\SCIM\\src\\components\\features\\FavoriteButton.jsx": {"path":"D:\\Alvine\\SCIM\\src\\components\\features\\FavoriteButton.jsx","statementMap":{"0":{"start":{"line":8,"column":23},"end":{"line":107,"column":1}},"1":{"start":{"line":14,"column":38},"end":{"line":14,"column":53}},"2":{"start":{"line":15,"column":36},"end":{"line":15,"column":45}},"3":{"start":{"line":16,"column":16},"end":{"line":16,"column":26}},"4":{"start":{"line":18,"column":16},"end":{"line":22,"column":3}},"5":{"start":{"line":25,"column":46},"end":{"line":46,"column":3}},"6":{"start":{"line":27,"column":6},"end":{"line":31,"column":7}},"7":{"start":{"line":28,"column":8},"end":{"line":28,"column":53}},"8":{"start":{"line":30,"column":8},"end":{"line":30,"column":50}},"9":{"start":{"line":35,"column":8},"end":{"line":35,"column":35}},"10":{"start":{"line":36,"column":8},"end":{"line":39,"column":10}},"11":{"start":{"line":42,"column":8},"end":{"line":42,"column":65}},"12":{"start":{"line":49,"column":2},"end":{"line":64,"column":36}},"13":{"start":{"line":50,"column":32},"end":{"line":61,"column":5}},"14":{"start":{"line":51,"column":6},"end":{"line":60,"column":7}},"15":{"start":{"line":52,"column":8},"end":{"line":59,"column":9}},"16":{"start":{"line":53,"column":27},"end":{"line":53,"column":54}},"17":{"start":{"line":54,"column":28},"end":{"line":54,"column":47}},"18":{"start":{"line":56,"column":10},"end":{"line":56,"column":83}},"19":{"start":{"line":56,"column":46},"end":{"line":56,"column":80}},"20":{"start":{"line":58,"column":10},"end":{"line":58,"column":78}},"21":{"start":{"line":63,"column":4},"end":{"line":63,"column":26}},"22":{"start":{"line":66,"column":22},"end":{"line":76,"column":3}},"23":{"start":{"line":67,"column":4},"end":{"line":67,"column":23}},"24":{"start":{"line":68,"column":4},"end":{"line":68,"column":24}},"25":{"start":{"line":70,"column":4},"end":{"line":73,"column":5}},"26":{"start":{"line":71,"column":6},"end":{"line":71,"column":60}},"27":{"start":{"line":72,"column":6},"end":{"line":72,"column":13}},"28":{"start":{"line":75,"column":4},"end":{"line":75,"column":21}},"29":{"start":{"line":78,"column":2},"end":{"line":106,"column":4}}},"fnMap":{"0":{"name":"(anonymous_0)","decl":{"start":{"line":8,"column":23},"end":{"line":8,"column":24}},"loc":{"start":{"line":13,"column":6},"end":{"line":107,"column":1}},"line":13},"1":{"name":"(anonymous_1)","decl":{"start":{"line":26,"column":4},"end":{"line":26,"column":5}},"loc":{"start":{"line":26,"column":16},"end":{"line":32,"column":5}},"line":26},"2":{"name":"(anonymous_2)","decl":{"start":{"line":34,"column":17},"end":{"line":34,"column":18}},"loc":{"start":{"line":34,"column":23},"end":{"line":40,"column":7}},"line":34},"3":{"name":"(anonymous_3)","decl":{"start":{"line":41,"column":15},"end":{"line":41,"column":16}},"loc":{"start":{"line":41,"column":21},"end":{"line":43,"column":7}},"line":41},"4":{"name":"(anonymous_4)","decl":{"start":{"line":49,"column":12},"end":{"line":49,"column":13}},"loc":{"start":{"line":49,"column":18},"end":{"line":64,"column":3}},"line":49},"5":{"name":"(anonymous_5)","decl":{"start":{"line":50,"column":32},"end":{"line":50,"column":33}},"loc":{"start":{"line":50,"column":44},"end":{"line":61,"column":5}},"line":50},"6":{"name":"(anonymous_6)","decl":{"start":{"line":56,"column":39},"end":{"line":56,"column":40}},"loc":{"start":{"line":56,"column":46},"end":{"line":56,"column":80}},"line":56},"7":{"name":"(anonymous_7)","decl":{"start":{"line":66,"column":22},"end":{"line":66,"column":23}},"loc":{"start":{"line":66,"column":29},"end":{"line":76,"column":3}},"line":66}},"branchMap":{"0":{"loc":{"start":{"line":10,"column":2},"end":{"line":10,"column":16}},"type":"default-arg","locations":[{"start":{"line":10,"column":14},"end":{"line":10,"column":16}}],"line":10},"1":{"loc":{"start":{"line":11,"column":2},"end":{"line":11,"column":13}},"type":"default-arg","locations":[{"start":{"line":11,"column":9},"end":{"line":11,"column":13}}],"line":11},"2":{"loc":{"start":{"line":12,"column":2},"end":{"line":12,"column":18}},"type":"default-arg","locations":[{"start":{"line":12,"column":13},"end":{"line":12,"column":18}}],"line":12},"3":{"loc":{"start":{"line":27,"column":6},"end":{"line":31,"column":7}},"type":"if","locations":[{"start":{"line":27,"column":6},"end":{"line":31,"column":7}},{"start":{"line":29,"column":13},"end":{"line":31,"column":7}}],"line":27},"4":{"loc":{"start":{"line":37,"column":10},"end":{"line":37,"column":66}},"type":"cond-expr","locations":[{"start":{"line":37,"column":23},"end":{"line":37,"column":43}},{"start":{"line":37,"column":46},"end":{"line":37,"column":66}}],"line":37},"5":{"loc":{"start":{"line":51,"column":6},"end":{"line":60,"column":7}},"type":"if","locations":[{"start":{"line":51,"column":6},"end":{"line":60,"column":7}},{"start":{},"end":{}}],"line":51},"6":{"loc":{"start":{"line":51,"column":10},"end":{"line":51,"column":39}},"type":"binary-expr","locations":[{"start":{"line":51,"column":10},"end":{"line":51,"column":25}},{"start":{"line":51,"column":29},"end":{"line":51,"column":39}}],"line":51},"7":{"loc":{"start":{"line":54,"column":28},"end":{"line":54,"column":47}},"type":"binary-expr","locations":[{"start":{"line":54,"column":28},"end":{"line":54,"column":41}},{"start":{"line":54,"column":45},"end":{"line":54,"column":47}}],"line":54},"8":{"loc":{"start":{"line":56,"column":47},"end":{"line":56,"column":64}},"type":"binary-expr","locations":[{"start":{"line":56,"column":47},"end":{"line":56,"column":54}},{"start":{"line":56,"column":58},"end":{"line":56,"column":64}}],"line":56},"9":{"loc":{"start":{"line":70,"column":4},"end":{"line":73,"column":5}},"type":"if","locations":[{"start":{"line":70,"column":4},"end":{"line":73,"column":5}},{"start":{},"end":{}}],"line":70},"10":{"loc":{"start":{"line":84,"column":10},"end":{"line":86,"column":46}},"type":"cond-expr","locations":[{"start":{"line":85,"column":12},"end":{"line":85,"column":45}},{"start":{"line":86,"column":12},"end":{"line":86,"column":46}}],"line":84},"11":{"loc":{"start":{"line":88,"column":10},"end":{"line":88,"column":70}},"type":"cond-expr","locations":[{"start":{"line":88,"column":20},"end":{"line":88,"column":51}},{"start":{"line":88,"column":54},"end":{"line":88,"column":70}}],"line":88},"12":{"loc":{"start":{"line":91,"column":13},"end":{"line":91,"column":71}},"type":"cond-expr","locations":[{"start":{"line":91,"column":26},"end":{"line":91,"column":47}},{"start":{"line":91,"column":50},"end":{"line":91,"column":71}}],"line":91},"13":{"loc":{"start":{"line":96,"column":12},"end":{"line":96,"column":44}},"type":"cond-expr","locations":[{"start":{"line":96,"column":25},"end":{"line":96,"column":39}},{"start":{"line":96,"column":42},"end":{"line":96,"column":44}}],"line":96},"14":{"loc":{"start":{"line":97,"column":12},"end":{"line":97,"column":42}},"type":"cond-expr","locations":[{"start":{"line":97,"column":22},"end":{"line":97,"column":37}},{"start":{"line":97,"column":40},"end":{"line":97,"column":42}}],"line":97},"15":{"loc":{"start":{"line":100,"column":7},"end":{"line":104,"column":7}},"type":"binary-expr","locations":[{"start":{"line":100,"column":7},"end":{"line":100,"column":15}},{"start":{"line":101,"column":8},"end":{"line":103,"column":15}}],"line":100},"16":{"loc":{"start":{"line":102,"column":11},"end":{"line":102,"column":44}},"type":"cond-expr","locations":[{"start":{"line":102,"column":24},"end":{"line":102,"column":32}},{"start":{"line":102,"column":35},"end":{"line":102,"column":44}}],"line":102}},"s":{"0":0,"1":0,"2":0,"3":0,"4":0,"5":0,"6":0,"7":0,"8":0,"9":0,"10":0,"11":0,"12":0,"13":0,"14":0,"15":0,"16":0,"17":0,"18":0,"19":0,"20":0,"21":0,"22":0,"23":0,"24":0,"25":0,"26":0,"27":0,"28":0,"29":0},"f":{"0":0,"1":0,"2":0,"3":0,"4":0,"5":0,"6":0,"7":0},"b":{"0":[0],"1":[0],"2":[0],"3":[0,0],"4":[0,0],"5":[0,0],"6":[0,0],"7":[0,0],"8":[0,0],"9":[0,0],"10":[0,0],"11":[0,0],"12":[0,0],"13":[0,0],"14":[0,0],"15":[0,0],"16":[0,0]}}
,"D:\\Alvine\\SCIM\\src\\components\\features\\SearchFilters.jsx": {"path":"D:\\Alvine\\SCIM\\src\\components\\features\\SearchFilters.jsx","statementMap":{"0":{"start":{"line":7,"column":22},"end":{"line":252,"column":1}},"1":{"start":{"line":12,"column":32},"end":{"line":24,"column":4}},"2":{"start":{"line":26,"column":42},"end":{"line":26,"column":57}},"3":{"start":{"line":29,"column":24},"end":{"line":36,"column":3}},"4":{"start":{"line":39,"column":24},"end":{"line":43,"column":3}},"5":{"start":{"line":46,"column":17},"end":{"line":56,"column":3}},"6":{"start":{"line":59,"column":22},"end":{"line":66,"column":3}},"7":{"start":{"line":69,"column":26},"end":{"line":73,"column":9}},"8":{"start":{"line":70,"column":23},"end":{"line":70,"column":58}},"9":{"start":{"line":71,"column":4},"end":{"line":71,"column":27}},"10":{"start":{"line":72,"column":4},"end":{"line":72,"column":32}},"11":{"start":{"line":76,"column":29},"end":{"line":80,"column":3}},"12":{"start":{"line":77,"column":23},"end":{"line":77,"column":51}},"13":{"start":{"line":78,"column":4},"end":{"line":78,"column":27}},"14":{"start":{"line":79,"column":4},"end":{"line":79,"column":32}},"15":{"start":{"line":83,"column":29},"end":{"line":87,"column":3}},"16":{"start":{"line":84,"column":18},"end":{"line":84,"column":32}},"17":{"start":{"line":85,"column":4},"end":{"line":85,"column":53}},"18":{"start":{"line":85,"column":24},"end":{"line":85,"column":50}},"19":{"start":{"line":86,"column":4},"end":{"line":86,"column":27}},"20":{"start":{"line":90,"column":23},"end":{"line":105,"column":3}},"21":{"start":{"line":91,"column":25},"end":{"line":102,"column":5}},"22":{"start":{"line":103,"column":4},"end":{"line":103,"column":29}},"23":{"start":{"line":104,"column":4},"end":{"line":104,"column":34}},"24":{"start":{"line":108,"column":29},"end":{"line":110,"column":10}},"25":{"start":{"line":109,"column":4},"end":{"line":109,"column":57}},"26":{"start":{"line":112,"column":2},"end":{"line":251,"column":4}},"27":{"start":{"line":132,"column":29},"end":{"line":132,"column":71}},"28":{"start":{"line":142,"column":29},"end":{"line":142,"column":73}},"29":{"start":{"line":152,"column":29},"end":{"line":152,"column":72}},"30":{"start":{"line":162,"column":25},"end":{"line":162,"column":55}},"31":{"start":{"line":196,"column":33},"end":{"line":196,"column":78}},"32":{"start":{"line":202,"column":33},"end":{"line":202,"column":78}},"33":{"start":{"line":213,"column":33},"end":{"line":213,"column":85}},"34":{"start":{"line":222,"column":33},"end":{"line":222,"column":87}},"35":{"start":{"line":238,"column":33},"end":{"line":238,"column":84}},"36":{"start":{"line":244,"column":33},"end":{"line":244,"column":84}}},"fnMap":{"0":{"name":"(anonymous_0)","decl":{"start":{"line":7,"column":22},"end":{"line":7,"column":23}},"loc":{"start":{"line":11,"column":6},"end":{"line":252,"column":1}},"line":11},"1":{"name":"(anonymous_1)","decl":{"start":{"line":69,"column":35},"end":{"line":69,"column":36}},"loc":{"start":{"line":69,"column":52},"end":{"line":73,"column":3}},"line":69},"2":{"name":"(anonymous_2)","decl":{"start":{"line":76,"column":29},"end":{"line":76,"column":30}},"loc":{"start":{"line":76,"column":45},"end":{"line":80,"column":3}},"line":76},"3":{"name":"(anonymous_3)","decl":{"start":{"line":83,"column":29},"end":{"line":83,"column":30}},"loc":{"start":{"line":83,"column":36},"end":{"line":87,"column":3}},"line":83},"4":{"name":"(anonymous_4)","decl":{"start":{"line":85,"column":15},"end":{"line":85,"column":16}},"loc":{"start":{"line":85,"column":24},"end":{"line":85,"column":50}},"line":85},"5":{"name":"(anonymous_5)","decl":{"start":{"line":90,"column":23},"end":{"line":90,"column":24}},"loc":{"start":{"line":90,"column":29},"end":{"line":105,"column":3}},"line":90},"6":{"name":"(anonymous_6)","decl":{"start":{"line":108,"column":59},"end":{"line":108,"column":60}},"loc":{"start":{"line":109,"column":4},"end":{"line":109,"column":57}},"line":109},"7":{"name":"(anonymous_7)","decl":{"start":{"line":132,"column":22},"end":{"line":132,"column":23}},"loc":{"start":{"line":132,"column":29},"end":{"line":132,"column":71}},"line":132},"8":{"name":"(anonymous_8)","decl":{"start":{"line":142,"column":22},"end":{"line":142,"column":23}},"loc":{"start":{"line":142,"column":29},"end":{"line":142,"column":73}},"line":142},"9":{"name":"(anonymous_9)","decl":{"start":{"line":152,"column":22},"end":{"line":152,"column":23}},"loc":{"start":{"line":152,"column":29},"end":{"line":152,"column":72}},"line":152},"10":{"name":"(anonymous_10)","decl":{"start":{"line":162,"column":19},"end":{"line":162,"column":20}},"loc":{"start":{"line":162,"column":25},"end":{"line":162,"column":55}},"line":162},"11":{"name":"(anonymous_11)","decl":{"start":{"line":196,"column":26},"end":{"line":196,"column":27}},"loc":{"start":{"line":196,"column":33},"end":{"line":196,"column":78}},"line":196},"12":{"name":"(anonymous_12)","decl":{"start":{"line":202,"column":26},"end":{"line":202,"column":27}},"loc":{"start":{"line":202,"column":33},"end":{"line":202,"column":78}},"line":202},"13":{"name":"(anonymous_13)","decl":{"start":{"line":213,"column":26},"end":{"line":213,"column":27}},"loc":{"start":{"line":213,"column":33},"end":{"line":213,"column":85}},"line":213},"14":{"name":"(anonymous_14)","decl":{"start":{"line":222,"column":26},"end":{"line":222,"column":27}},"loc":{"start":{"line":222,"column":33},"end":{"line":222,"column":87}},"line":222},"15":{"name":"(anonymous_15)","decl":{"start":{"line":238,"column":26},"end":{"line":238,"column":27}},"loc":{"start":{"line":238,"column":33},"end":{"line":238,"column":84}},"line":238},"16":{"name":"(anonymous_16)","decl":{"start":{"line":244,"column":26},"end":{"line":244,"column":27}},"loc":{"start":{"line":244,"column":33},"end":{"line":244,"column":84}},"line":244}},"branchMap":{"0":{"loc":{"start":{"line":9,"column":2},"end":{"line":9,"column":21}},"type":"default-arg","locations":[{"start":{"line":9,"column":19},"end":{"line":9,"column":21}}],"line":9},"1":{"loc":{"start":{"line":10,"column":2},"end":{"line":10,"column":16}},"type":"default-arg","locations":[{"start":{"line":10,"column":14},"end":{"line":10,"column":16}}],"line":10},"2":{"loc":{"start":{"line":109,"column":4},"end":{"line":109,"column":57}},"type":"binary-expr","locations":[{"start":{"line":109,"column":4},"end":{"line":109,"column":16}},{"start":{"line":109,"column":20},"end":{"line":109,"column":34}},{"start":{"line":109,"column":38},"end":{"line":109,"column":57}}],"line":109},"3":{"loc":{"start":{"line":167,"column":29},"end":{"line":167,"column":80}},"type":"binary-expr","locations":[{"start":{"line":167,"column":29},"end":{"line":167,"column":51}},{"start":{"line":167,"column":55},"end":{"line":167,"column":80}}],"line":167},"4":{"loc":{"start":{"line":171,"column":9},"end":{"line":179,"column":9}},"type":"binary-expr","locations":[{"start":{"line":171,"column":9},"end":{"line":171,"column":31}},{"start":{"line":172,"column":10},"end":{"line":178,"column":19}}],"line":171},"5":{"loc":{"start":{"line":183,"column":7},"end":{"line":249,"column":7}},"type":"binary-expr","locations":[{"start":{"line":183,"column":7},"end":{"line":183,"column":19}},{"start":{"line":184,"column":8},"end":{"line":248,"column":14}}],"line":183}},"s":{"0":0,"1":0,"2":0,"3":0,"4":0,"5":0,"6":0,"7":0,"8":0,"9":0,"10":0,"11":0,"12":0,"13":0,"14":0,"15":0,"16":0,"17":0,"18":0,"19":0,"20":0,"21":0,"22":0,"23":0,"24":0,"25":0,"26":0,"27":0,"28":0,"29":0,"30":0,"31":0,"32":0,"33":0,"34":0,"35":0,"36":0},"f":{"0":0,"1":0,"2":0,"3":0,"4":0,"5":0,"6":0,"7":0,"8":0,"9":0,"10":0,"11":0,"12":0,"13":0,"14":0,"15":0,"16":0},"b":{"0":[0],"1":[0],"2":[0,0,0],"3":[0,0],"4":[0,0],"5":[0,0]}}
,"D:\\Alvine\\SCIM\\src\\components\\features\\ShareButton.jsx": {"path":"D:\\Alvine\\SCIM\\src\\components\\features\\ShareButton.jsx","statementMap":{"0":{"start":{"line":5,"column":20},"end":{"line":165,"column":1}},"1":{"start":{"line":12,"column":30},"end":{"line":12,"column":45}},"2":{"start":{"line":13,"column":16},"end":{"line":13,"column":26}},"3":{"start":{"line":15,"column":16},"end":{"line":19,"column":3}},"4":{"start":{"line":21,"column":23},"end":{"line":52,"column":3}},"5":{"start":{"line":25,"column":20},"end":{"line":25,"column":37}},"6":{"start":{"line":31,"column":20},"end":{"line":31,"column":37}},"7":{"start":{"line":37,"column":20},"end":{"line":37,"column":36}},"8":{"start":{"line":43,"column":20},"end":{"line":43,"column":37}},"9":{"start":{"line":49,"column":20},"end":{"line":49,"column":34}},"10":{"start":{"line":54,"column":26},"end":{"line":70,"column":3}},"11":{"start":{"line":55,"column":4},"end":{"line":69,"column":5}},"12":{"start":{"line":56,"column":6},"end":{"line":56,"column":47}},"13":{"start":{"line":57,"column":6},"end":{"line":57,"column":57}},"14":{"start":{"line":58,"column":6},"end":{"line":58,"column":23}},"15":{"start":{"line":61,"column":23},"end":{"line":61,"column":57}},"16":{"start":{"line":62,"column":6},"end":{"line":62,"column":27}},"17":{"start":{"line":63,"column":6},"end":{"line":63,"column":42}},"18":{"start":{"line":64,"column":6},"end":{"line":64,"column":24}},"19":{"start":{"line":65,"column":6},"end":{"line":65,"column":35}},"20":{"start":{"line":66,"column":6},"end":{"line":66,"column":42}},"21":{"start":{"line":67,"column":6},"end":{"line":67,"column":57}},"22":{"start":{"line":68,"column":6},"end":{"line":68,"column":23}},"23":{"start":{"line":72,"column":26},"end":{"line":76,"column":3}},"24":{"start":{"line":73,"column":21},"end":{"line":73,"column":94}},"25":{"start":{"line":74,"column":4},"end":{"line":74,"column":60}},"26":{"start":{"line":75,"column":4},"end":{"line":75,"column":21}},"27":{"start":{"line":78,"column":25},"end":{"line":83,"column":3}},"28":{"start":{"line":79,"column":17},"end":{"line":79,"column":49}},"29":{"start":{"line":80,"column":21},"end":{"line":80,"column":119}},"30":{"start":{"line":81,"column":4},"end":{"line":81,"column":60}},"31":{"start":{"line":82,"column":4},"end":{"line":82,"column":21}},"32":{"start":{"line":85,"column":26},"end":{"line":90,"column":3}},"33":{"start":{"line":86,"column":17},"end":{"line":86,"column":58}},"34":{"start":{"line":87,"column":21},"end":{"line":87,"column":70}},"35":{"start":{"line":88,"column":4},"end":{"line":88,"column":36}},"36":{"start":{"line":89,"column":4},"end":{"line":89,"column":21}},"37":{"start":{"line":92,"column":23},"end":{"line":98,"column":3}},"38":{"start":{"line":93,"column":20},"end":{"line":93,"column":45}},"39":{"start":{"line":94,"column":17},"end":{"line":94,"column":83}},"40":{"start":{"line":95,"column":22},"end":{"line":95,"column":63}},"41":{"start":{"line":96,"column":4},"end":{"line":96,"column":37}},"42":{"start":{"line":97,"column":4},"end":{"line":97,"column":21}},"43":{"start":{"line":101,"column":28},"end":{"line":118,"column":3}},"44":{"start":{"line":102,"column":4},"end":{"line":117,"column":5}},"45":{"start":{"line":103,"column":6},"end":{"line":114,"column":7}},"46":{"start":{"line":104,"column":8},"end":{"line":108,"column":11}},"47":{"start":{"line":110,"column":8},"end":{"line":113,"column":9}},"48":{"start":{"line":111,"column":10},"end":{"line":111,"column":58}},"49":{"start":{"line":112,"column":10},"end":{"line":112,"column":26}},"50":{"start":{"line":116,"column":6},"end":{"line":116,"column":22}},"51":{"start":{"line":120,"column":2},"end":{"line":164,"column":4}},"52":{"start":{"line":140,"column":27},"end":{"line":140,"column":43}},"53":{"start":{"line":150,"column":16},"end":{"line":157,"column":25}}},"fnMap":{"0":{"name":"(anonymous_0)","decl":{"start":{"line":5,"column":20},"end":{"line":5,"column":21}},"loc":{"start":{"line":11,"column":6},"end":{"line":165,"column":1}},"line":11},"1":{"name":"(anonymous_1)","decl":{"start":{"line":25,"column":14},"end":{"line":25,"column":15}},"loc":{"start":{"line":25,"column":20},"end":{"line":25,"column":37}},"line":25},"2":{"name":"(anonymous_2)","decl":{"start":{"line":31,"column":14},"end":{"line":31,"column":15}},"loc":{"start":{"line":31,"column":20},"end":{"line":31,"column":37}},"line":31},"3":{"name":"(anonymous_3)","decl":{"start":{"line":37,"column":14},"end":{"line":37,"column":15}},"loc":{"start":{"line":37,"column":20},"end":{"line":37,"column":36}},"line":37},"4":{"name":"(anonymous_4)","decl":{"start":{"line":43,"column":14},"end":{"line":43,"column":15}},"loc":{"start":{"line":43,"column":20},"end":{"line":43,"column":37}},"line":43},"5":{"name":"(anonymous_5)","decl":{"start":{"line":49,"column":14},"end":{"line":49,"column":15}},"loc":{"start":{"line":49,"column":20},"end":{"line":49,"column":34}},"line":49},"6":{"name":"(anonymous_6)","decl":{"start":{"line":54,"column":26},"end":{"line":54,"column":27}},"loc":{"start":{"line":54,"column":38},"end":{"line":70,"column":3}},"line":54},"7":{"name":"(anonymous_7)","decl":{"start":{"line":72,"column":26},"end":{"line":72,"column":27}},"loc":{"start":{"line":72,"column":32},"end":{"line":76,"column":3}},"line":72},"8":{"name":"(anonymous_8)","decl":{"start":{"line":78,"column":25},"end":{"line":78,"column":26}},"loc":{"start":{"line":78,"column":31},"end":{"line":83,"column":3}},"line":78},"9":{"name":"(anonymous_9)","decl":{"start":{"line":85,"column":26},"end":{"line":85,"column":27}},"loc":{"start":{"line":85,"column":32},"end":{"line":90,"column":3}},"line":85},"10":{"name":"(anonymous_10)","decl":{"start":{"line":92,"column":23},"end":{"line":92,"column":24}},"loc":{"start":{"line":92,"column":29},"end":{"line":98,"column":3}},"line":92},"11":{"name":"(anonymous_11)","decl":{"start":{"line":101,"column":28},"end":{"line":101,"column":29}},"loc":{"start":{"line":101,"column":40},"end":{"line":118,"column":3}},"line":101},"12":{"name":"(anonymous_12)","decl":{"start":{"line":140,"column":21},"end":{"line":140,"column":22}},"loc":{"start":{"line":140,"column":27},"end":{"line":140,"column":43}},"line":140},"13":{"name":"(anonymous_13)","decl":{"start":{"line":149,"column":32},"end":{"line":149,"column":33}},"loc":{"start":{"line":150,"column":16},"end":{"line":157,"column":25}},"line":150}},"branchMap":{"0":{"loc":{"start":{"line":6,"column":2},"end":{"line":6,"column":28}},"type":"default-arg","locations":[{"start":{"line":6,"column":8},"end":{"line":6,"column":28}}],"line":6},"1":{"loc":{"start":{"line":7,"column":2},"end":{"line":7,"column":37}},"type":"default-arg","locations":[{"start":{"line":7,"column":10},"end":{"line":7,"column":37}}],"line":7},"2":{"loc":{"start":{"line":8,"column":2},"end":{"line":8,"column":18}},"type":"default-arg","locations":[
[...]
:{"start":{"line":296,"column":2},"end":{"line":321,"column":4}},"141":{"start":{"line":298,"column":21},"end":{"line":298,"column":53}},"142":{"start":{"line":299,"column":6},"end":{"line":299,"column":77}},"143":{"start":{"line":309,"column":6},"end":{"line":315,"column":7}},"144":{"start":{"line":310,"column":8},"end":{"line":310,"column":45}},"145":{"start":{"line":311,"column":8},"end":{"line":311,"column":40}},"146":{"start":{"line":312,"column":8},"end":{"line":312,"column":20}},"147":{"start":{"line":314,"column":8},"end":{"line":314,"column":21}}},"fnMap":{"0":{"name":"(anonymous_0)","decl":{"start":{"line":4,"column":24},"end":{"line":4,"column":25}},"loc":{"start":{"line":4,"column":59},"end":{"line":16,"column":1}},"line":4},"1":{"name":"executedFunction","decl":{"start":{"line":6,"column":18},"end":{"line":6,"column":34}},"loc":{"start":{"line":6,"column":44},"end":{"line":15,"column":3}},"line":6},"2":{"name":"(anonymous_2)","decl":{"start":{"line":7,"column":18},"end":{"line":7,"column":19}},"loc":{"start":{"line":7,"column":24},"end":{"line":10,"column":5}},"line":7},"3":{"name":"(anonymous_3)","decl":{"start":{"line":19,"column":24},"end":{"line":19,"column":25}},"loc":{"start":{"line":19,"column":41},"end":{"line":28,"column":1}},"line":19},"4":{"name":"(anonymous_4)","decl":{"start":{"line":21,"column":9},"end":{"line":21,"column":10}},"loc":{"start":{"line":21,"column":27},"end":{"line":27,"column":3}},"line":21},"5":{"name":"(anonymous_5)","decl":{"start":{"line":25,"column":17},"end":{"line":25,"column":18}},"loc":{"start":{"line":25,"column":23},"end":{"line":25,"column":41}},"line":25},"6":{"name":"(anonymous_6)","decl":{"start":{"line":31,"column":35},"end":{"line":31,"column":36}},"loc":{"start":{"line":31,"column":63},"end":{"line":39,"column":1}},"line":31},"7":{"name":"(anonymous_7)","decl":{"start":{"line":42,"column":28},"end":{"line":42,"column":29}},"loc":{"start":{"line":42,"column":37},"end":{"line":49,"column":1}},"line":42},"8":{"name":"(anonymous_8)","decl":{"start":{"line":43,"column":21},"end":{"line":43,"column":22}},"loc":{"start":{"line":43,"column":42},"end":{"line":48,"column":3}},"line":43},"9":{"name":"(anonymous_9)","decl":{"start":{"line":45,"column":17},"end":{"line":45,"column":18}},"loc":{"start":{"line":45,"column":23},"end":{"line":45,"column":35}},"line":45},"10":{"name":"(anonymous_10)","decl":{"start":{"line":52,"column":29},"end":{"line":52,"column":30}},"loc":{"start":{"line":52,"column":45},"end":{"line":60,"column":1}},"line":52},"11":{"name":"(anonymous_11)","decl":{"start":{"line":54,"column":30},"end":{"line":54,"column":31}},"loc":{"start":{"line":54,"column":37},"end":{"line":54,"column":54}},"line":54},"12":{"name":"(anonymous_12)","decl":{"start":{"line":63,"column":27},"end":{"line":63,"column":28}},"loc":{"start":{"line":63,"column":85},"end":{"line":97,"column":1}},"line":63},"13":{"name":"(anonymous_13)","decl":{"start":{"line":64,"column":21},"end":{"line":64,"column":22}},"loc":{"start":{"line":64,"column":34},"end":{"line":96,"column":3}},"line":64},"14":{"name":"(anonymous_14)","decl":{"start":{"line":69,"column":17},"end":{"line":69,"column":18}},"loc":{"start":{"line":69,"column":23},"end":{"line":93,"column":5}},"line":69},"15":{"name":"(anonymous_15)","decl":{"start":{"line":101,"column":2},"end":{"line":101,"column":3}},"loc":{"start":{"line":101,"column":16},"end":{"line":104,"column":3}},"line":101},"16":{"name":"(anonymous_16)","decl":{"start":{"line":106,"column":2},"end":{"line":106,"column":3}},"loc":{"start":{"line":106,"column":13},"end":{"line":113,"column":3}},"line":106},"17":{"name":"(anonymous_17)","decl":{"start":{"line":115,"column":2},"end":{"line":115,"column":3}},"loc":{"start":{"line":115,"column":43},"end":{"line":135,"column":3}},"line":115},"18":{"name":"(anonymous_18)","decl":{"start":{"line":137,"column":2},"end":{"line":137,"column":3}},"loc":{"start":{"line":137,"column":19},"end":{"line":139,"column":3}},"line":137},"19":{"name":"(anonymous_19)","decl":{"start":{"line":141,"column":2},"end":{"line":141,"column":3}},"loc":{"start":{"line":141,"column":19},"end":{"line":143,"column":3}},"line":141},"20":{"name":"(anonymous_20)","decl":{"start":{"line":145,"column":2},"end":{"line":145,"column":3}},"loc":{"start":{"line":145,"column":10},"end":{"line":155,"column":3}},"line":145},"21":{"name":"(anonymous_21)","decl":{"start":{"line":158,"column":2},"end":{"line":158,"column":3}},"loc":{"start":{"line":158,"column":31},"end":{"line":166,"column":3}},"line":158},"22":{"name":"(anonymous_22)","decl":{"start":{"line":173,"column":36},"end":{"line":173,"column":37}},"loc":{"start":{"line":173,"column":55},"end":{"line":190,"column":1}},"line":173},"23":{"name":"(anonymous_23)","decl":{"start":{"line":177,"column":18},"end":{"line":177,"column":19}},"loc":{"start":{"line":177,"column":24},"end":{"line":187,"column":3}},"line":177},"24":{"name":"(anonymous_24)","decl":{"start":{"line":193,"column":30},"end":{"line":193,"column":31}},"loc":{"start":{"line":193,"column":67},"end":{"line":203,"column":1}},"line":193},"25":{"name":"(anonymous_25)","decl":{"start":{"line":200,"column":9},"end":{"line":200,"column":10}},"loc":{"start":{"line":200,"column":15},"end":{"line":202,"column":3}},"line":200},"26":{"name":"(anonymous_26)","decl":{"start":{"line":207,"column":2},"end":{"line":207,"column":3}},"loc":{"start":{"line":207,"column":50},"end":{"line":211,"column":3}},"line":207},"27":{"name":"(anonymous_27)","decl":{"start":{"line":213,"column":2},"end":{"line":213,"column":3}},"loc":{"start":{"line":213,"column":18},"end":{"line":229,"column":3}},"line":213},"28":{"name":"(anonymous_28)","decl":{"start":{"line":231,"column":2},"end":{"line":231,"column":3}},"loc":{"start":{"line":231,"column":11},"end":{"line":245,"column":3}},"line":231},"29":{"name":"(anonymous_29)","decl":{"start":{"line":247,"column":2},"end":{"line":247,"column":3}},"loc":{"start":{"line":247,"column":11},"end":{"line":249,"column":3}},"line":247},"30":{"name":"(anonymous_30)","decl":{"start":{"line":251,"column":2},"end":{"line":251,"column":3}},"loc":{"start":{"line":251,"column":14},"end":{"line":253,"column":3}},"line":251},"31":{"name":"(anonymous_31)","decl":{"start":{"line":255,"column":2},"end":{"line":255,"column":3}},"loc":{"start":{"line":255,"column":10},"end":{"line":257,"column":3}},"line":255},"32":{"name":"(anonymous_32)","decl":{"start":{"line":259,"column":2},"end":{"line":259,"column":3}},"loc":{"start":{"line":259,"column":9},"end":{"line":261,"column":3}},"line":259},"33":{"name":"(anonymous_33)","decl":{"start":{"line":268,"column":26},"end":{"line":268,"column":27}},"loc":{"start":{"line":268,"column":48},"end":{"line":274,"column":1}},"line":268},"34":{"name":"(anonymous_34)","decl":{"start":{"line":277,"column":28},"end":{"line":277,"column":29}},"loc":{"start":{"line":277,"column":83},"end":{"line":292,"column":1}},"line":277},"35":{"name":"(anonymous_35)","decl":{"start":{"line":287,"column":24},"end":{"line":287,"column":25}},"loc":{"start":{"line":287,"column":35},"end":{"line":287,"column":61}},"line":287},"36":{"name":"(anonymous_36)","decl":{"start":{"line":295,"column":38},"end":{"line":295,"column":39}},"loc":{"start":{"line":295,"column":44},"end":{"line":322,"column":1}},"line":295},"37":{"name":"(anonymous_37)","decl":{"start":{"line":297,"column":11},"end":{"line":297,"column":12}},"loc":{"start":{"line":297,"column":17},"end":{"line":300,"column":5}},"line":297},"38":{"name":"(anonymous_38)","decl":{"start":{"line":308,"column":19},"end":{"line":308,"column":20}},"loc":{"start":{"line":308,"column":25},"end":{"line":316,"column":5}},"line":308}},"branchMap":{"0":{"loc":{"start":{"line":4,"column":37},"end":{"line":4,"column":54}},"type":"default-arg","locations":[{"start":{"line":4,"column":49},"end":{"line":4,"column":54}}],"line":4},"1":{"loc":{"start":{"line":9,"column":6},"end":{"line":9,"column":36}},"type":"if","locations":[{"start":{"line":9,"column":6},"end":{"line":9,"column":36}},{"start":{},"end":{}}],"line":9},"2":{"loc":{"start":{"line":11,"column":20},"end":{"line":11,"column":41}},"type":"binary-expr","locations":[{"start":{"line":11,"column":20},"end":{"line":11,"column":29}},{"start":{"line":11,"column":33},"end":{"line":11,"column":41}}],"line":11},"3":{"loc":{"start":{"line":14,"column":4},"end":{"line":14,"column":31}},"type":"if","locations":[{"start":{"line":14,"column":4},"end":{"line":14,"column":31}},{"start":{},"end":{}}],"line":14},"4":{"loc":{"start":{"line":22,"column":4},"end":{"line":26,"column":5}},"type":"if","locations":[{"start":{"line":22,"column":4},"end":{"line":26,"column":5}},{"start":{},"end":{}}],"line":22},"5":{"loc":{"start":{"line":31,"column":46},"end":{"line":31,"column":58}},"type":"default-arg","locations":[{"start":{"line":31,"column":56},"end":{"line":31,"column":58}}],"line":31},"6":{"loc":{"start":{"line":63,"column":34},"end":{"line":63,"column":48}},"type":"default-arg","locations":[{"start":{"line":63,"column":45},"end":{"line":63,"column":48}}],"line":63},"7":{"loc":{"start":{"line":63,"column":50},"end":{"line":63,"column":65}},"type":"default-arg","locations":[{"start":{"line":63,"column":62},"end":{"line":63,"column":65}}],"line":63},"8":{"loc":{"start":{"line":63,"column":67},"end":{"line":63,"column":80}},"type":"default-arg","locations":[{"start":{"line":63,"column":77},"end":{"line":63,"column":80}}],"line":63},"9":{"loc":{"start":{"line":73,"column":6},"end":{"line":83,"column":7}},"type":"if","locations":[{"start":{"line":73,"column":6},"end":{"line":83,"column":7}},{"start":{"line":78,"column":13},"end":{"line":83,"column":7}}],"line":73},"10":{"loc":{"start":{"line":74,"column":8},"end":{"line":77,"column":9}},"type":"if","locations":[{"start":{"line":74,"column":8},"end":{"line":77,"column":9}},{"start":{},"end":{}}],"line":74},"11":{"loc":{"start":{"line":79,"column":8},"end":{"line":82,"column":9}},"type":"if","locations":[{"start":{"line":79,"column":8},"end":{"line":82,"column":9}},{"start":{},"end":{}}],"line":79},"12":{"loc":{"start":{"line":110,"column":4},"end":{"line":112,"column":5}},"type":"if","locations":[{"start":{"line":110,"column":4},"end":{"line":112,"column":5}},{"start":{},"end":{}}],"line":110},"13":{"loc":{"start":{"line":115,"column":27},"end":{"line":115,"column":41}},"type":"default-arg","locations":[{"start":{"line":115,"column":37},"end":{"line":115,"column":41}}],"line":115},"14":{"loc":{"start":{"line":117,"column":20},"end":{"line":117,"column":73}},"type":"cond-expr","locations":[{"start":{"line":117,"column":30},"end":{"line":117,"column":53}},{"start":{"line":117,"column":56},"end":{"line":117,"column":73}}],"line":117},"15":{"loc":{"start":{"line":119,"column":4},"end":{"line":132,"column":5}},"type":"if","locations":[{"start":{"line":119,"column":4},"end":{"line":132,"column":5}},{"start":{},"end":{}}],"line":119},"16":{"loc":{"start":{"line":119,"column":8},"end":{"line":119,"column":28}},"type":"binary-expr","locations":[{"start":{"line":119,"column":8},"end":{"line":119,"column":17}},{"start":{"line":119,"column":21},"end":{"line":119,"column":28}}],"line":119},"17":{"loc":{"start":{"line":123,"column":6},"end":{"line":129,"column":7}},"type":"if","locations":[{"start":{"line":123,"column":6},"end":{"line":129,"column":7}},{"start":{},"end":{}}],"line":123},"18":{"loc":{"start":{"line":149,"column":4},"end":{"line":151,"column":5}},"type":"if","locations":[{"start":{"line":149,"column":4},"end":{"line":151,"column":5}},{"start":{},"end":{}}],"line":149},"19":{"loc":{"start":{"line":152,"column":4},"end":{"line":154,"column":5}},"type":"if","locations":[{"start":{"line":152,"column":4},"end":{"line":154,"column":5}},{"start":{},"end":{}}],"line":152},"20":{"loc":{"start":{"line":182,"column":4},"end":{"line":184,"column":5}},"type":"if","locations":[{"start":{"line":182,"column":4},"end":{"line":184,"column":5}},{"start":{},"end":{}}],"line":182},"21":{"loc":{"start":{"line":193,"column":50},"end":{"line":193,"column":62}},"type":"default-arg","locations":[{"start":{"line":193,"column":60},"end":{"line":193,"column":62}}],"line":193},"22":{"loc":{"start":{"line":194,"column":10},"end":{"line":194,"column":25}},"type":"default-arg","locations":[{"start":{"line":194,"column":23},"end":{"line":194,"column":25}}],"line":194},"23":{"loc":{"start":{"line":194,"column":27},"end":{"line":194,"column":41}},"type":"default-arg","locations":[{"start":{"line":194,"column":37},"end":{"line":194,"column":41}}],"line":194},"24":{"loc":{"start":{"line":207,"column":14},"end":{"line":207,"column":27}},"type":"default-arg","locations":[{"start":{"line":207,"column":24},"end":{"line":207,"column":27}}],"line":207},"25":{"loc":{"start":{"line":207,"column":29},"end":{"line":207,"column":48}},"type":"default-arg","locations":[{"start":{"line":207,"column":35},"end":{"line":207,"column":48}}],"line":207},"26":{"loc":{"start":{"line":215,"column":4},"end":{"line":217,"column":5}},"type":"if","locations":[{"start":{"line":215,"column":4},"end":{"line":217,"column":5}},{"start":{},"end":{}}],"line":215},"27":{"loc":{"start":{"line":220,"column":4},"end":{"line":223,"column":5}},"type":"if","locations":[{"start":{"line":220,"column":4},"end":{"line":223,"column":5}},{"start":{},"end":{}}],"line":220},"28":{"loc":{"start":{"line":234,"column":4},"end":{"line":236,"column":5}},"type":"if","locations":[{"start":{"line":234,"column":4},"end":{"line":236,"column":5}},{"start":{},"end":{}}],"line":234},"29":{"loc":{"start":{"line":239,"column":4},"end":{"line":242,"column":5}},"type":"if","locations":[{"start":{"line":239,"column":4},"end":{"line":242,"column":5}},{"start":{},"end":{}}],"line":239},"30":{"loc":{"start":{"line":277,"column":53},"end":{"line":277,"column":67}},"type":"default-arg","locations":[{"start":{"line":277,"column":65},"end":{"line":277,"column":67}}],"line":277},"31":{"loc":{"start":{"line":277,"column":69},"end":{"line":277,"column":78}},"type":"default-arg","locations":[{"start":{"line":277,"column":77},"end":{"line":277,"column":78}}],"line":277},"32":{"loc":{"start":{"line":286,"column":4},"end":{"line":288,"column":5}},"type":"if","locations":[{"start":{"line":286,"column":4},"end":{"line":288,"column":5}},{"start":{},"end":{}}],"line":286},"33":{"loc":{"start":{"line":318,"column":17},"end":{"line":318,"column":73}},"type":"binary-expr","locations":[{"start":{"line":318,"column":17},"end":{"line":318,"column":41}},{"start":{"line":318,"column":45},"end":{"line":318,"column":73}}],"line":318}},"s":{"0":1,"1":2,"2":4,"3":2,"4":2,"5":2,"6":4,"7":4,"8":4,"9":4,"10":0,"11":1,"12":1,"13":4,"14":2,"15":2,"16":2,"17":1,"18":1,"19":0,"20":0,"21":1,"22":0,"23":0,"24":0,"25":0,"26":0,"27":0,"28":1,"29":0,"30":0,"31":0,"32":0,"33":0,"34":0,"35":1,"36":0,"37":0,"38":0,"39":0,"40":0,"41":0,"42":0,"43":0,"44":0,"45":0,"46":0,"47":0,"48":0,"49":0,"50":0,"51":0,"52":0,"53":0,"54":1,"55":1,"56":0,"57":0,"58":0,"59":0,"60":0,"61":0,"62":0,"63":0,"64":0,"65":0,"66":0,"67":0,"68":0,"69":0,"70":0,"71":0,"72":0,"73":0,"74":0,"75":0,"76":0,"77":0,"78":0,"79":0,"80":0,"81":0,"82":0,"83":0,"84":1,"85":1,"86":0,"87":0,"88":0,"89":0,"90":0,"91":0,"92":0,"93":0,"94":0,"95":0,"96":1,"97":0,"98":0,"99":0,"100":0,"101":0,"102":5,"103":5,"104":5,"105":5,"106":0,"107":5,"108":1,"109":1,"110":5,"111":7,"112":7,"113":2,"114":5,"115":1,"116":1,"117":4,"118":0,"119":0,"120":0,"121":0,"122":1,"123":1,"124":3,"125":3,"126":3,"127":4,"128":3,"129":1,"130":0,"131":0,"132":0,"133":0,"134":0,"135":0,"136":0,"137":0,"138":0,"139":1,"140":0,"141":0,"142":0,"143":0,"144":0,"145":0,"146":0,"147":0},"f":{"0":2,"1":4,"2":2,"3":1,"4":4,"5":1,"6":0,"7":0,"8":0,"9":0,"10":0,"11":0,"12":0,"13":0,"14":0,"15":1,"16":0,"17":0,"18":0,"19":0,"20":0,"21":0,"22":0,"23":0,"24":0,"25":0,"26":5,"27":5,"28":7,"29":0,"30":0,"31":0,"32":0,"33":3,"34":0,"35":0,"36":0,"37":0,"38":0},"b":{"0":[2],"1":[2,0],"2":[4,0],"3":[0,4],"4":[2,2],"5":[0],"6":[0],"7":[0],"8":[0],"9":[0,0],"10":[0,0],"11":[0,0],"12":[0,0],"13":[0],"14":[0,0],"15":[0,0],"16":[0,0],"17":[0,0],"18":[0,0],"19":[0,0],"20":[0,0],"21":[0],"22":[0],"23":[0],"24":[1],"25":[1],"26":[0,5],"27":[1,4],"28":[2,5],"29":[1,4],"30":[0],"31":[0],"32":[0,0],"33":[0,0]},"_coverageSchema":"1a1c01bbd47fc00a2c39e90264f33305004495a9","hash":"e202a7d861a3a4a9c81b08bfe58e313dfa8e7994"}
,"D:\\Alvine\\SCIM\\src\\utils\\seoData.js": {"path":"D:\\Alvine\\SCIM\\src\\utils\\seoData.js","statementMap":{"0":{"start":{"line":2,"column":25},"end":{"line":76,"column":1}},"1":{"start":{"line":15,"column":33},"end":{"line":21,"column":3}},"2":{"start":{"line":79,"column":42},"end":{"line":102,"column":1}},"3":{"start":{"line":105,"column":46},"end":{"line":133,"column":1}},"4":{"start":{"line":106,"column":2},"end":{"line":106,"column":29}},"5":{"start":{"line":106,"column":17},"end":{"line":106,"column":29}},"6":{"start":{"line":108,"column":2},"end":{"line":132,"column":4}},"7":{"start":{"line":113,"column":48},"end":{"line":113,"column":56}}},"fnMap":{"0":{"name":"(anonymous_0)","decl":{"start":{"line":15,"column":18},"end":{"line":15,"column":19}},"loc":{"start":{"line":15,"column":33},"end":{"line":21,"column":3}},"line":15},"1":{"name":"(anonymous_1)","decl":{"start":{"line":105,"column":46},"end":{"line":105,"column":47}},"loc":{"start":{"line":105,"column":60},"end":{"line":133,"column":1}},"line":105},"2":{"name":"(anonymous_2)","decl":{"start":{"line":113,"column":41},"end":{"line":113,"column":42}},"loc":{"start":{"line":113,"column":48},"end":{"line":113,"column":56}},"line":113}},"branchMap":{"0":{"loc":{"start":{"line":16,"column":14},"end":{"line":16,"column":44}},"type":"binary-expr","locations":[{"start":{"line":16,"column":14},"end":{"line":16,"column":29}},{"start":{"line":16,"column":33},"end":{"line":16,"column":44}}],"line":16},"1":{"loc":{"start":{"line":17,"column":17},"end":{"line":17,"column":95}},"type":"binary-expr","locations":[{"start":{"line":17,"column":17},"end":{"line":17,"column":38}},{"start":{"line":17,"column":42},"end":{"line":17,"column":95}}],"line":17},"2":{"loc":{"start":{"line":18,"column":17},"end":{"line":18,"column":51}},"type":"binary-expr","locations":[{"start":{"line":18,"column":17},"end":{"line":18,"column":36}},{"start":{"line":18,"column":40},"end":{"line":18,"column":51}}],"line":18},"3":{"loc":{"start":{"line":18,"column":56},"end":{"line":18,"column":87}},"type":"binary-expr","locations":[{"start":{"line":18,"column":56},"end":{"line":18,"column":71}},{"start":{"line":18,"column":75},"end":{"line":18,"column":87}}],"line":18},"4":{"loc":{"start":{"line":18,"column":92},"end":{"line":18,"column":141}},"type":"cond-expr","locations":[{"start":{"line":18,"column":109},"end":{"line":18,"column":132}},{"start":{"line":18,"column":135},"end":{"line":18,"column":141}}],"line":18},"5":{"loc":{"start":{"line":19,"column":11},"end":{"line":19,"column":71}},"type":"binary-expr","locations":[{"start":{"line":19,"column":12},"end":{"line":19,"column":38}},{"start":{"line":19,"column":43},"end":{"line":19,"column":71}}],"line":19},"6":{"loc":{"start":{"line":106,"column":2},"end":{"line":106,"column":29}},"type":"if","locations":[{"start":{"line":106,"column":2},"end":{"line":106,"column":29}},{"start":{},"end":{}}],"line":106},"7":{"loc":{"start":{"line":113,"column":14},"end":{"line":113,"column":35}},"type":"binary-expr","locations":[{"start":{"line":113,"column":14},"end":{"line":113,"column":29}},{"start":{"line":113,"column":33},"end":{"line":113,"column":35}}],"line":113},"8":{"loc":{"start":{"line":125,"column":17},"end":{"line":129,"column":17}},"type":"cond-expr","locations":[{"start":{"line":125,"column":39},"end":{"line":129,"column":5}},{"start":{"line":129,"column":8},"end":{"line":129,"column":17}}],"line":125}},"s":{"0":0,"1":0,"2":0,"3":0,"4":0,"5":0,"6":0,"7":0},"f":{"0":0,"1":0,"2":0},"b":{"0":[0,0],"1":[0,0],"2":[0,0],"3":[0,0],"4":[0,0],"5":[0,0],"6":[0,0],"7":[0,0],"8":[0,0]}}
}
